2017-07-17 23:58:46,268 [http-nio-8080-exec-1] DEBUG o.s.web.servlet.DispatcherServlet.init(149) - Initializing servlet 'dispatcherServlet'
2017-07-17 23:58:46,272 [http-nio-8080-exec-1] INFO  o.s.web.servlet.DispatcherServlet.initServletBean(489) - FrameworkServlet 'dispatcherServlet': initialization started
2017-07-17 23:58:46,272 [http-nio-8080-exec-1] DEBUG o.s.web.servlet.DispatcherServlet.initMultipartResolver(508) - Using MultipartResolver [org.springframework.web.multipart.support.StandardServletMultipartResolver@5da57a64]
2017-07-17 23:58:46,279 [http-nio-8080-exec-1] DEBUG o.s.web.servlet.DispatcherServlet.initLocaleResolver(537) - Unable to locate LocaleResolver with name 'localeResolver': using default [org.springframework.web.servlet.i18n.AcceptHeaderLocaleResolver@663ddf97]
2017-07-17 23:58:46,287 [http-nio-8080-exec-1] DEBUG o.s.web.servlet.DispatcherServlet.initThemeResolver(559) - Unable to locate ThemeResolver with name 'themeResolver': using default [org.springframework.web.servlet.theme.FixedThemeResolver@478f0a2e]
2017-07-17 23:58:46,296 [http-nio-8080-exec-1] DEBUG o.s.web.servlet.DispatcherServlet.initRequestToViewNameTranslator(696) - Unable to locate RequestToViewNameTranslator with name 'viewNameTranslator': using default [org.springframework.web.servlet.view.DefaultRequestToViewNameTranslator@6efa575c]
2017-07-17 23:58:46,308 [http-nio-8080-exec-1] DEBUG o.s.web.servlet.DispatcherServlet.initFlashMapManager(757) - Unable to locate FlashMapManager with name 'flashMapManager': using default [org.springframework.web.servlet.support.SessionFlashMapManager@7c0033f9]
2017-07-17 23:58:46,308 [http-nio-8080-exec-1] DEBUG o.s.web.servlet.DispatcherServlet.initWebApplicationContext(568) - Published WebApplicationContext of servlet 'dispatcherServlet' as ServletContext attribute with name [org.springframework.web.servlet.FrameworkServlet.CONTEXT.dispatcherServlet]
2017-07-17 23:58:46,308 [http-nio-8080-exec-1] INFO  o.s.web.servlet.DispatcherServlet.initServletBean(508) - FrameworkServlet 'dispatcherServlet': initialization completed in 36 ms
2017-07-17 23:58:46,308 [http-nio-8080-exec-1] DEBUG o.s.web.servlet.DispatcherServlet.init(174) - Servlet 'dispatcherServlet' configured successfully
2017-07-17 23:58:46,320 [http-nio-8080-exec-1] DEBUG o.s.b.w.f.OrderedRequestContextFilter.initContextHolders(114) - Bound request context to thread: org.apache.catalina.connector.RequestFacade@15027fb3
2017-07-17 23:58:46,322 [http-nio-8080-exec-1] DEBUG o.s.web.servlet.DispatcherServlet.doService(869) - DispatcherServlet with name 'dispatcherServlet' processing GET request for [/intelhosp/doctors]
2017-07-17 23:58:46,326 [http-nio-8080-exec-1] DEBUG o.s.w.s.m.m.a.RequestMappingHandlerMapping.getHandlerInternal(310) - Looking up handler method for path /intelhosp/doctors
2017-07-17 23:58:46,329 [http-nio-8080-exec-1] DEBUG o.s.w.s.m.m.a.RequestMappingHandlerMapping.getHandlerInternal(317) - Returning handler method [public java.util.List<com.example.demo.domain.Doctor> com.example.demo.web.DoctorController.getAllDoctorsPojo(javax.servlet.http.HttpServletRequest)]
2017-07-17 23:58:46,329 [http-nio-8080-exec-1] DEBUG o.s.web.servlet.DispatcherServlet.doDispatch(955) - Last-Modified value for [/intelhosp/doctors] is: -1
2017-07-17 23:58:46,348 [http-nio-8080-exec-1] DEBUG c.example.demo.web.DoctorController.getAllDoctorsPojo(69) - inside getAll Doctors ...
2017-07-17 23:58:46,348 [http-nio-8080-exec-1] DEBUG c.example.demo.web.DoctorController.getAllDoctorsPojo(69) - inside getAll Doctors ...
2017-07-17 23:58:46,351 [http-nio-8080-exec-1] DEBUG org.hibernate.SQL.logStatement(92) - select doctor0_.id as id1_2_, doctor0_.email as email2_2_, doctor0_.fees as fees3_2_, doctor0_.mobile as mobile4_2_, doctor0_.name as name5_2_, doctor0_.qualification as qualific6_2_, doctor0_.title as title7_2_ from doctor doctor0_
2017-07-17 23:58:46,352 [http-nio-8080-exec-1] TRACE o.h.t.descriptor.sql.BasicExtractor.extract(61) - extracted value ([id1_2_] : [BIGINT]) - [1]
2017-07-17 23:58:46,355 [http-nio-8080-exec-1] TRACE o.h.t.descriptor.sql.BasicExtractor.extract(51) - extracted value ([email2_2_] : [VARCHAR]) - [null]
2017-07-17 23:58:46,357 [http-nio-8080-exec-1] TRACE o.h.t.descriptor.sql.BasicExtractor.extract(61) - extracted value ([fees3_2_] : [FLOAT]) - [0.0]
2017-07-17 23:58:46,357 [http-nio-8080-exec-1] TRACE o.h.t.descriptor.sql.BasicExtractor.extract(51) - extracted value ([mobile4_2_] : [VARCHAR]) - [null]
2017-07-17 23:58:46,358 [http-nio-8080-exec-1] TRACE o.h.t.descriptor.sql.BasicExtractor.extract(61) - extracted value ([name5_2_] : [VARCHAR]) - [Kumara]
2017-07-17 23:58:46,359 [http-nio-8080-exec-1] TRACE o.h.t.descriptor.sql.BasicExtractor.extract(51) - extracted value ([qualific6_2_] : [VARCHAR]) - [null]
2017-07-17 23:58:46,360 [http-nio-8080-exec-1] TRACE o.h.t.descriptor.sql.BasicExtractor.extract(61) - extracted value ([id1_2_] : [BIGINT]) - [2]
2017-07-17 23:58:46,360 [http-nio-8080-exec-1] TRACE o.h.t.descriptor.sql.BasicExtractor.extract(51) - extracted value ([email2_2_] : [VARCHAR]) - [null]
2017-07-17 23:58:46,361 [http-nio-8080-exec-1] TRACE o.h.t.descriptor.sql.BasicExtractor.extract(61) - extracted value ([fees3_2_] : [FLOAT]) - [0.0]
2017-07-17 23:58:46,361 [http-nio-8080-exec-1] TRACE o.h.t.descriptor.sql.BasicExtractor.extract(51) - extracted value ([mobile4_2_] : [VARCHAR]) - [null]
2017-07-17 23:58:46,361 [http-nio-8080-exec-1] TRACE o.h.t.descriptor.sql.BasicExtractor.extract(61) - extracted value ([name5_2_] : [VARCHAR]) - [Guru]
2017-07-17 23:58:46,363 [http-nio-8080-exec-1] TRACE o.h.t.descriptor.sql.BasicExtractor.extract(51) - extracted value ([qualific6_2_] : [VARCHAR]) - [null]
2017-07-17 23:58:46,366 [http-nio-8080-exec-1] DEBUG org.hibernate.SQL.logStatement(92) - select appointmen0_.id as id1_0_2_, appointmen0_.doctor_id as doctor_i3_0_2_, appointmen0_.patient_id as patient_4_0_2_, appointmen0_.time as time2_0_2_, doctor1_.id as id1_2_0_, doctor1_.email as email2_2_0_, doctor1_.fees as fees3_2_0_, doctor1_.mobile as mobile4_2_0_, doctor1_.name as name5_2_0_, doctor1_.qualification as qualific6_2_0_, doctor1_.title as title7_2_0_, patient2_.id as id1_4_1_, patient2_.occupation as occupati2_4_1_, patient2_.address1 as address3_4_1_, patient2_.address2 as address4_4_1_, patient2_.age as age5_4_1_, patient2_.allergies as allergie6_4_1_, patient2_.birthday_wish as birthday7_4_1_, patient2_.blood_group as blood_gr8_4_1_, patient2_.city as city9_4_1_, patient2_.dob as dob10_4_1_, patient2_.email as email11_4_1_, patient2_.gender as gender12_4_1_, patient2_.label as label13_4_1_, patient2_.landline as landlin14_4_1_, patient2_.medical_alert as medical15_4_1_, patient2_.medical_history as medical16_4_1_, patient2_.mobile as mobile17_4_1_, patient2_.name as name18_4_1_, patient2_.need_welcome_message as need_we19_4_1_, patient2_.pincode as pincode20_4_1_, patient2_.profile_id as profile21_4_1_, patient2_.remainder as remaind22_4_1_, patient2_.title as title23_4_1_ from appointment appointmen0_ left outer join doctor doctor1_ on appointmen0_.doctor_id=doctor1_.id left outer join patient patient2_ on appointmen0_.patient_id=patient2_.id where appointmen0_.doctor_id=?
2017-07-17 23:58:46,367 [http-nio-8080-exec-1] TRACE o.h.type.descriptor.sql.BasicBinder.bind(65) - binding parameter [1] as [BIGINT] - [1]
2017-07-17 23:58:46,369 [http-nio-8080-exec-1] TRACE o.h.t.descriptor.sql.BasicExtractor.extract(61) - extracted value ([id1_2_0_] : [BIGINT]) - [1]
2017-07-17 23:58:46,370 [http-nio-8080-exec-1] TRACE o.h.t.descriptor.sql.BasicExtractor.extract(61) - extracted value ([id1_4_1_] : [BIGINT]) - [1]
2017-07-17 23:58:46,371 [http-nio-8080-exec-1] TRACE o.h.t.descriptor.sql.BasicExtractor.extract(61) - extracted value ([id1_0_2_] : [BIGINT]) - [1]
2017-07-17 23:58:46,372 [http-nio-8080-exec-1] TRACE o.h.t.descriptor.sql.BasicExtractor.extract(51) - extracted value ([occupati2_4_1_] : [VARCHAR]) - [null]
2017-07-17 23:58:46,373 [http-nio-8080-exec-1] TRACE o.h.t.descriptor.sql.BasicExtractor.extract(51) - extracted value ([address3_4_1_] : [VARCHAR]) - [null]
2017-07-17 23:58:46,374 [http-nio-8080-exec-1] TRACE o.h.t.descriptor.sql.BasicExtractor.extract(51) - extracted value ([address4_4_1_] : [VARCHAR]) - [null]
2017-07-17 23:58:46,375 [http-nio-8080-exec-1] TRACE o.h.t.descriptor.sql.BasicExtractor.extract(61) - extracted value ([age5_4_1_] : [INTEGER]) - [0]
2017-07-17 23:58:46,376 [http-nio-8080-exec-1] TRACE o.h.t.descriptor.sql.BasicExtractor.extract(51) - extracted value ([allergie6_4_1_] : [VARCHAR]) - [null]
2017-07-17 23:58:46,377 [http-nio-8080-exec-1] TRACE o.h.t.descriptor.sql.BasicExtractor.extract(61) - extracted value ([birthday7_4_1_] : [BOOLEAN]) - [false]
2017-07-17 23:58:46,378 [http-nio-8080-exec-1] TRACE o.h.t.descriptor.sql.BasicExtractor.extract(51) - extracted value ([city9_4_1_] : [VARCHAR]) - [null]
2017-07-17 23:58:46,381 [http-nio-8080-exec-1] TRACE o.h.t.descriptor.sql.BasicExtractor.extract(61) - extracted value ([dob10_4_1_] : [DATE]) - [1979-05-15]
2017-07-17 23:58:46,382 [http-nio-8080-exec-1] TRACE o.h.t.descriptor.sql.BasicExtractor.extract(51) - extracted value ([email11_4_1_] : [VARCHAR]) - [null]
2017-07-17 23:58:46,382 [http-nio-8080-exec-1] TRACE o.h.t.descriptor.sql.BasicExtractor.extract(51) - extracted value ([label13_4_1_] : [VARCHAR]) - [null]
2017-07-17 23:58:46,383 [http-nio-8080-exec-1] TRACE o.h.t.descriptor.sql.BasicExtractor.extract(51) - extracted value ([landlin14_4_1_] : [VARCHAR]) - [null]
2017-07-17 23:58:46,383 [http-nio-8080-exec-1] TRACE o.h.t.descriptor.sql.BasicExtractor.extract(51) - extracted value ([medical15_4_1_] : [VARCHAR]) - [null]
2017-07-17 23:58:46,384 [http-nio-8080-exec-1] TRACE o.h.t.descriptor.sql.BasicExtractor.extract(51) - extracted value ([medical16_4_1_] : [VARCHAR]) - [null]
2017-07-17 23:58:46,384 [http-nio-8080-exec-1] TRACE o.h.t.descriptor.sql.BasicExtractor.extract(61) - extracted value ([mobile17_4_1_] : [VARCHAR]) - [(+91)1234567890]
2017-07-17 23:58:46,385 [http-nio-8080-exec-1] TRACE o.h.t.descriptor.sql.BasicExtractor.extract(61) - extracted value ([name18_4_1_] : [VARCHAR]) - [Guru]
2017-07-17 23:58:46,388 [http-nio-8080-exec-1] TRACE o.h.t.descriptor.sql.BasicExtractor.extract(61) - extracted value ([need_we19_4_1_] : [BOOLEAN]) - [false]
2017-07-17 23:58:46,389 [http-nio-8080-exec-1] TRACE o.h.t.descriptor.sql.BasicExtractor.extract(51) - extracted value ([pincode20_4_1_] : [VARCHAR]) - [null]
2017-07-17 23:58:46,390 [http-nio-8080-exec-1] TRACE o.h.t.descriptor.sql.BasicExtractor.extract(51) - extracted value ([profile21_4_1_] : [VARCHAR]) - [null]
2017-07-17 23:58:46,391 [http-nio-8080-exec-1] TRACE o.h.t.descriptor.sql.BasicExtractor.extract(61) - extracted value ([doctor_i3_0_2_] : [BIGINT]) - [1]
2017-07-17 23:58:46,391 [http-nio-8080-exec-1] TRACE o.h.t.descriptor.sql.BasicExtractor.extract(61) - extracted value ([patient_4_0_2_] : [BIGINT]) - [1]
2017-07-17 23:58:46,393 [http-nio-8080-exec-1] TRACE o.h.t.descriptor.sql.BasicExtractor.extract(61) - extracted value ([time2_0_2_] : [TIMESTAMP]) - [2017-07-17 23:58:25.363]
2017-07-17 23:58:46,394 [http-nio-8080-exec-1] DEBUG org.hibernate.SQL.logStatement(92) - select appointmen0_.id as id1_0_2_, appointmen0_.doctor_id as doctor_i3_0_2_, appointmen0_.patient_id as patient_4_0_2_, appointmen0_.time as time2_0_2_, doctor1_.id as id1_2_0_, doctor1_.email as email2_2_0_, doctor1_.fees as fees3_2_0_, doctor1_.mobile as mobile4_2_0_, doctor1_.name as name5_2_0_, doctor1_.qualification as qualific6_2_0_, doctor1_.title as title7_2_0_, patient2_.id as id1_4_1_, patient2_.occupation as occupati2_4_1_, patient2_.address1 as address3_4_1_, patient2_.address2 as address4_4_1_, patient2_.age as age5_4_1_, patient2_.allergies as allergie6_4_1_, patient2_.birthday_wish as birthday7_4_1_, patient2_.blood_group as blood_gr8_4_1_, patient2_.city as city9_4_1_, patient2_.dob as dob10_4_1_, patient2_.email as email11_4_1_, patient2_.gender as gender12_4_1_, patient2_.label as label13_4_1_, patient2_.landline as landlin14_4_1_, patient2_.medical_alert as medical15_4_1_, patient2_.medical_history as medical16_4_1_, patient2_.mobile as mobile17_4_1_, patient2_.name as name18_4_1_, patient2_.need_welcome_message as need_we19_4_1_, patient2_.pincode as pincode20_4_1_, patient2_.profile_id as profile21_4_1_, patient2_.remainder as remaind22_4_1_, patient2_.title as title23_4_1_ from appointment appointmen0_ left outer join doctor doctor1_ on appointmen0_.doctor_id=doctor1_.id left outer join patient patient2_ on appointmen0_.patient_id=patient2_.id where appointmen0_.patient_id=?
2017-07-17 23:58:46,396 [http-nio-8080-exec-1] TRACE o.h.type.descriptor.sql.BasicBinder.bind(65) - binding parameter [1] as [BIGINT] - [1]
2017-07-17 23:58:46,398 [http-nio-8080-exec-1] TRACE o.h.t.descriptor.sql.BasicExtractor.extract(61) - extracted value ([id1_2_0_] : [BIGINT]) - [1]
2017-07-17 23:58:46,398 [http-nio-8080-exec-1] TRACE o.h.t.descriptor.sql.BasicExtractor.extract(61) - extracted value ([id1_4_1_] : [BIGINT]) - [1]
2017-07-17 23:58:46,399 [http-nio-8080-exec-1] TRACE o.h.t.descriptor.sql.BasicExtractor.extract(61) - extracted value ([id1_0_2_] : [BIGINT]) - [1]
2017-07-17 23:58:46,400 [http-nio-8080-exec-1] DEBUG org.hibernate.SQL.logStatement(92) - select appointmen0_.id as id1_0_2_, appointmen0_.doctor_id as doctor_i3_0_2_, appointmen0_.patient_id as patient_4_0_2_, appointmen0_.time as time2_0_2_, doctor1_.id as id1_2_0_, doctor1_.email as email2_2_0_, doctor1_.fees as fees3_2_0_, doctor1_.mobile as mobile4_2_0_, doctor1_.name as name5_2_0_, doctor1_.qualification as qualific6_2_0_, doctor1_.title as title7_2_0_, patient2_.id as id1_4_1_, patient2_.occupation as occupati2_4_1_, patient2_.address1 as address3_4_1_, patient2_.address2 as address4_4_1_, patient2_.age as age5_4_1_, patient2_.allergies as allergie6_4_1_, patient2_.birthday_wish as birthday7_4_1_, patient2_.blood_group as blood_gr8_4_1_, patient2_.city as city9_4_1_, patient2_.dob as dob10_4_1_, patient2_.email as email11_4_1_, patient2_.gender as gender12_4_1_, patient2_.label as label13_4_1_, patient2_.landline as landlin14_4_1_, patient2_.medical_alert as medical15_4_1_, patient2_.medical_history as medical16_4_1_, patient2_.mobile as mobile17_4_1_, patient2_.name as name18_4_1_, patient2_.need_welcome_message as need_we19_4_1_, patient2_.pincode as pincode20_4_1_, patient2_.profile_id as profile21_4_1_, patient2_.remainder as remaind22_4_1_, patient2_.title as title23_4_1_ from appointment appointmen0_ left outer join doctor doctor1_ on appointmen0_.doctor_id=doctor1_.id left outer join patient patient2_ on appointmen0_.patient_id=patient2_.id where appointmen0_.doctor_id=?
2017-07-17 23:58:46,401 [http-nio-8080-exec-1] TRACE o.h.type.descriptor.sql.BasicBinder.bind(65) - binding parameter [1] as [BIGINT] - [2]
2017-07-17 23:58:46,446 [http-nio-8080-exec-1] DEBUG o.s.w.s.m.m.a.RequestResponseBodyMethodProcessor.writeWithMessageConverters(234) - Written [[com.example.demo.domain.Doctor@fdc76e2, com.example.demo.domain.Doctor@46b14d53]] as "application/json" using [org.springframework.http.converter.json.MappingJackson2HttpMessageConverter@1192c925]
2017-07-17 23:58:46,447 [http-nio-8080-exec-1] DEBUG o.s.web.servlet.DispatcherServlet.processDispatchResult(1048) - Null ModelAndView returned to DispatcherServlet with name 'dispatcherServlet': assuming HandlerAdapter completed request handling
2017-07-17 23:58:46,448 [http-nio-8080-exec-1] DEBUG o.s.web.servlet.DispatcherServlet.processRequest(1000) - Successfully completed request
2017-07-17 23:58:46,451 [http-nio-8080-exec-1] DEBUG o.s.b.w.f.OrderedRequestContextFilter.doFilterInternal(104) - Cleared thread-bound request context: org.apache.catalina.connector.RequestFacade@15027fb3
2017-07-17 23:58:53,323 [http-nio-8080-exec-2] DEBUG o.s.b.w.f.OrderedRequestContextFilter.initContextHolders(114) - Bound request context to thread: org.apache.catalina.connector.RequestFacade@15027fb3
2017-07-17 23:58:53,324 [http-nio-8080-exec-2] DEBUG o.s.web.servlet.DispatcherServlet.doService(869) - DispatcherServlet with name 'dispatcherServlet' processing GET request for [/intelhosp/doctors/1]
2017-07-17 23:58:53,324 [http-nio-8080-exec-2] DEBUG o.s.w.s.m.m.a.RequestMappingHandlerMapping.getHandlerInternal(310) - Looking up handler method for path /intelhosp/doctors/1
2017-07-17 23:58:53,327 [http-nio-8080-exec-2] DEBUG o.s.w.s.m.m.a.RequestMappingHandlerMapping.getHandlerInternal(317) - Returning handler method [public com.example.demo.domain.Doctor com.example.demo.web.DoctorController.getDoctor(long,javax.servlet.http.HttpServletRequest)]
2017-07-17 23:58:53,327 [http-nio-8080-exec-2] DEBUG o.s.web.servlet.DispatcherServlet.doDispatch(955) - Last-Modified value for [/intelhosp/doctors/1] is: -1
2017-07-17 23:58:53,346 [http-nio-8080-exec-2] DEBUG org.hibernate.SQL.logStatement(92) - select doctor0_.id as id1_2_0_, doctor0_.email as email2_2_0_, doctor0_.fees as fees3_2_0_, doctor0_.mobile as mobile4_2_0_, doctor0_.name as name5_2_0_, doctor0_.qualification as qualific6_2_0_, doctor0_.title as title7_2_0_ from doctor doctor0_ where doctor0_.id=?
2017-07-17 23:58:53,347 [http-nio-8080-exec-2] TRACE o.h.type.descriptor.sql.BasicBinder.bind(65) - binding parameter [1] as [BIGINT] - [1]
2017-07-17 23:58:53,355 [http-nio-8080-exec-2] TRACE o.h.t.descriptor.sql.BasicExtractor.extract(51) - extracted value ([email2_2_0_] : [VARCHAR]) - [null]
2017-07-17 23:58:53,356 [http-nio-8080-exec-2] TRACE o.h.t.descriptor.sql.BasicExtractor.extract(61) - extracted value ([fees3_2_0_] : [FLOAT]) - [0.0]
2017-07-17 23:58:53,357 [http-nio-8080-exec-2] TRACE o.h.t.descriptor.sql.BasicExtractor.extract(51) - extracted value ([mobile4_2_0_] : [VARCHAR]) - [null]
2017-07-17 23:58:53,358 [http-nio-8080-exec-2] TRACE o.h.t.descriptor.sql.BasicExtractor.extract(61) - extracted value ([name5_2_0_] : [VARCHAR]) - [Kumara]
2017-07-17 23:58:53,359 [http-nio-8080-exec-2] TRACE o.h.t.descriptor.sql.BasicExtractor.extract(51) - extracted value ([qualific6_2_0_] : [VARCHAR]) - [null]
2017-07-17 23:58:53,360 [http-nio-8080-exec-2] DEBUG org.hibernate.SQL.logStatement(92) - select appointmen0_.id as id1_0_2_, appointmen0_.doctor_id as doctor_i3_0_2_, appointmen0_.patient_id as patient_4_0_2_, appointmen0_.time as time2_0_2_, doctor1_.id as id1_2_0_, doctor1_.email as email2_2_0_, doctor1_.fees as fees3_2_0_, doctor1_.mobile as mobile4_2_0_, doctor1_.name as name5_2_0_, doctor1_.qualification as qualific6_2_0_, doctor1_.title as title7_2_0_, patient2_.id as id1_4_1_, patient2_.occupation as occupati2_4_1_, patient2_.address1 as address3_4_1_, patient2_.address2 as address4_4_1_, patient2_.age as age5_4_1_, patient2_.allergies as allergie6_4_1_, patient2_.birthday_wish as birthday7_4_1_, patient2_.blood_group as blood_gr8_4_1_, patient2_.city as city9_4_1_, patient2_.dob as dob10_4_1_, patient2_.email as email11_4_1_, patient2_.gender as gender12_4_1_, patient2_.label as label13_4_1_, patient2_.landline as landlin14_4_1_, patient2_.medical_alert as medical15_4_1_, patient2_.medical_history as medical16_4_1_, patient2_.mobile as mobile17_4_1_, patient2_.name as name18_4_1_, patient2_.need_welcome_message as need_we19_4_1_, patient2_.pincode as pincode20_4_1_, patient2_.profile_id as profile21_4_1_, patient2_.remainder as remaind22_4_1_, patient2_.title as title23_4_1_ from appointment appointmen0_ left outer join doctor doctor1_ on appointmen0_.doctor_id=doctor1_.id left outer join patient patient2_ on appointmen0_.patient_id=patient2_.id where appointmen0_.doctor_id=?
2017-07-17 23:58:53,361 [http-nio-8080-exec-2] TRACE o.h.type.descriptor.sql.BasicBinder.bind(65) - binding parameter [1] as [BIGINT] - [1]
2017-07-17 23:58:53,363 [http-nio-8080-exec-2] TRACE o.h.t.descriptor.sql.BasicExtractor.extract(61) - extracted value ([id1_2_0_] : [BIGINT]) - [1]
2017-07-17 23:58:53,364 [http-nio-8080-exec-2] TRACE o.h.t.descriptor.sql.BasicExtractor.extract(61) - extracted value ([id1_4_1_] : [BIGINT]) - [1]
2017-07-17 23:58:53,365 [http-nio-8080-exec-2] TRACE o.h.t.descriptor.sql.BasicExtractor.extract(61) - extracted value ([id1_0_2_] : [BIGINT]) - [1]
2017-07-17 23:58:53,369 [http-nio-8080-exec-2] TRACE o.h.t.descriptor.sql.BasicExtractor.extract(51) - extracted value ([occupati2_4_1_] : [VARCHAR]) - [null]
2017-07-17 23:58:53,369 [http-nio-8080-exec-2] TRACE o.h.t.descriptor.sql.BasicExtractor.extract(51) - extracted value ([address3_4_1_] : [VARCHAR]) - [null]
2017-07-17 23:58:53,370 [http-nio-8080-exec-2] TRACE o.h.t.descriptor.sql.BasicExtractor.extract(51) - extracted value ([address4_4_1_] : [VARCHAR]) - [null]
2017-07-17 23:58:53,371 [http-nio-8080-exec-2] TRACE o.h.t.descriptor.sql.BasicExtractor.extract(61) - extracted value ([age5_4_1_] : [INTEGER]) - [0]
2017-07-17 23:58:53,372 [http-nio-8080-exec-2] TRACE o.h.t.descriptor.sql.BasicExtractor.extract(51) - extracted value ([allergie6_4_1_] : [VARCHAR]) - [null]
2017-07-17 23:58:53,372 [http-nio-8080-exec-2] TRACE o.h.t.descriptor.sql.BasicExtractor.extract(61) - extracted value ([birthday7_4_1_] : [BOOLEAN]) - [false]
2017-07-17 23:58:53,373 [http-nio-8080-exec-2] TRACE o.h.t.descriptor.sql.BasicExtractor.extract(51) - extracted value ([city9_4_1_] : [VARCHAR]) - [null]
2017-07-17 23:58:53,374 [http-nio-8080-exec-2] TRACE o.h.t.descriptor.sql.BasicExtractor.extract(61) - extracted value ([dob10_4_1_] : [DATE]) - [1979-05-15]
2017-07-17 23:58:53,375 [http-nio-8080-exec-2] TRACE o.h.t.descriptor.sql.BasicExtractor.extract(51) - extracted value ([email11_4_1_] : [VARCHAR]) - [null]
2017-07-17 23:58:53,376 [http-nio-8080-exec-2] TRACE o.h.t.descriptor.sql.BasicExtractor.extract(51) - extracted value ([label13_4_1_] : [VARCHAR]) - [null]
2017-07-17 23:58:53,377 [http-nio-8080-exec-2] TRACE o.h.t.descriptor.sql.BasicExtractor.extract(51) - extracted value ([landlin14_4_1_] : [VARCHAR]) - [null]
2017-07-17 23:58:53,378 [http-nio-8080-exec-2] TRACE o.h.t.descriptor.sql.BasicExtractor.extract(51) - extracted value ([medical15_4_1_] : [VARCHAR]) - [null]
2017-07-17 23:58:53,378 [http-nio-8080-exec-3] DEBUG o.s.b.w.f.OrderedRequestContextFilter.initContextHolders(114) - Bound request context to thread: org.apache.catalina.connector.RequestFacade@135797b5
2017-07-17 23:58:53,379 [http-nio-8080-exec-2] TRACE o.h.t.descriptor.sql.BasicExtractor.extract(51) - extracted value ([medical16_4_1_] : [VARCHAR]) - [null]
2017-07-17 23:58:53,380 [http-nio-8080-exec-2] TRACE o.h.t.descriptor.sql.BasicExtractor.extract(61) - extracted value ([mobile17_4_1_] : [VARCHAR]) - [(+91)1234567890]
2017-07-17 23:58:53,381 [http-nio-8080-exec-2] TRACE o.h.t.descriptor.sql.BasicExtractor.extract(61) - extracted value ([name18_4_1_] : [VARCHAR]) - [Guru]
2017-07-17 23:58:53,383 [http-nio-8080-exec-2] TRACE o.h.t.descriptor.sql.BasicExtractor.extract(61) - extracted value ([need_we19_4_1_] : [BOOLEAN]) - [false]
2017-07-17 23:58:53,379 [http-nio-8080-exec-3] DEBUG o.s.web.servlet.DispatcherServlet.doService(869) - DispatcherServlet with name 'dispatcherServlet' processing GET request for [/intelhosp/doctors/1]
2017-07-17 23:58:53,386 [http-nio-8080-exec-2] TRACE o.h.t.descriptor.sql.BasicExtractor.extract(51) - extracted value ([pincode20_4_1_] : [VARCHAR]) - [null]
2017-07-17 23:58:53,388 [http-nio-8080-exec-2] TRACE o.h.t.descriptor.sql.BasicExtractor.extract(51) - extracted value ([profile21_4_1_] : [VARCHAR]) - [null]
2017-07-17 23:58:53,389 [http-nio-8080-exec-2] TRACE o.h.t.descriptor.sql.BasicExtractor.extract(61) - extracted value ([doctor_i3_0_2_] : [BIGINT]) - [1]
2017-07-17 23:58:53,388 [http-nio-8080-exec-3] DEBUG o.s.w.s.m.m.a.RequestMappingHandlerMapping.getHandlerInternal(310) - Looking up handler method for path /intelhosp/doctors/1
2017-07-17 23:58:53,390 [http-nio-8080-exec-2] TRACE o.h.t.descriptor.sql.BasicExtractor.extract(61) - extracted value ([patient_4_0_2_] : [BIGINT]) - [1]
2017-07-17 23:58:53,392 [http-nio-8080-exec-2] TRACE o.h.t.descriptor.sql.BasicExtractor.extract(61) - extracted value ([time2_0_2_] : [TIMESTAMP]) - [2017-07-17 23:58:25.363]
2017-07-17 23:58:53,396 [http-nio-8080-exec-2] DEBUG org.hibernate.SQL.logStatement(92) - select appointmen0_.id as id1_0_2_, appointmen0_.doctor_id as doctor_i3_0_2_, appointmen0_.patient_id as patient_4_0_2_, appointmen0_.time as time2_0_2_, doctor1_.id as id1_2_0_, doctor1_.email as email2_2_0_, doctor1_.fees as fees3_2_0_, doctor1_.mobile as mobile4_2_0_, doctor1_.name as name5_2_0_, doctor1_.qualification as qualific6_2_0_, doctor1_.title as title7_2_0_, patient2_.id as id1_4_1_, patient2_.occupation as occupati2_4_1_, patient2_.address1 as address3_4_1_, patient2_.address2 as address4_4_1_, patient2_.age as age5_4_1_, patient2_.allergies as allergie6_4_1_, patient2_.birthday_wish as birthday7_4_1_, patient2_.blood_group as blood_gr8_4_1_, patient2_.city as city9_4_1_, patient2_.dob as dob10_4_1_, patient2_.email as email11_4_1_, patient2_.gender as gender12_4_1_, patient2_.label as label13_4_1_, patient2_.landline as landlin14_4_1_, patient2_.medical_alert as medical15_4_1_, patient2_.medical_history as medical16_4_1_, patient2_.mobile as mobile17_4_1_, patient2_.name as name18_4_1_, patient2_.need_welcome_message as need_we19_4_1_, patient2_.pincode as pincode20_4_1_, patient2_.profile_id as profile21_4_1_, patient2_.remainder as remaind22_4_1_, patient2_.title as title23_4_1_ from appointment appointmen0_ left outer join doctor doctor1_ on appointmen0_.doctor_id=doctor1_.id left outer join patient patient2_ on appointmen0_.patient_id=patient2_.id where appointmen0_.patient_id=?
2017-07-17 23:58:53,395 [http-nio-8080-exec-3] DEBUG o.s.w.s.m.m.a.RequestMappingHandlerMapping.getHandlerInternal(317) - Returning handler method [public com.example.demo.domain.Doctor com.example.demo.web.DoctorController.getDoctor(long,javax.servlet.http.HttpServletRequest)]
2017-07-17 23:58:53,397 [http-nio-8080-exec-2] TRACE o.h.type.descriptor.sql.BasicBinder.bind(65) - binding parameter [1] as [BIGINT] - [1]
2017-07-17 23:58:53,398 [http-nio-8080-exec-3] DEBUG o.s.web.servlet.DispatcherServlet.doDispatch(955) - Last-Modified value for [/intelhosp/doctors/1] is: -1
2017-07-17 23:58:53,400 [http-nio-8080-exec-2] TRACE o.h.t.descriptor.sql.BasicExtractor.extract(61) - extracted value ([id1_2_0_] : [BIGINT]) - [1]
2017-07-17 23:58:53,401 [http-nio-8080-exec-2] TRACE o.h.t.descriptor.sql.BasicExtractor.extract(61) - extracted value ([id1_4_1_] : [BIGINT]) - [1]
2017-07-17 23:58:53,402 [http-nio-8080-exec-2] TRACE o.h.t.descriptor.sql.BasicExtractor.extract(61) - extracted value ([id1_0_2_] : [BIGINT]) - [1]
2017-07-17 23:58:53,402 [http-nio-8080-exec-3] DEBUG org.hibernate.SQL.logStatement(92) - select doctor0_.id as id1_2_0_, doctor0_.email as email2_2_0_, doctor0_.fees as fees3_2_0_, doctor0_.mobile as mobile4_2_0_, doctor0_.name as name5_2_0_, doctor0_.qualification as qualific6_2_0_, doctor0_.title as title7_2_0_ from doctor doctor0_ where doctor0_.id=?
2017-07-17 23:58:53,405 [http-nio-8080-exec-3] TRACE o.h.type.descriptor.sql.BasicBinder.bind(65) - binding parameter [1] as [BIGINT] - [1]
2017-07-17 23:58:53,413 [http-nio-8080-exec-2] DEBUG o.s.w.s.m.m.a.RequestResponseBodyMethodProcessor.writeWithMessageConverters(234) - Written [com.example.demo.domain.Doctor@7b93fa85] as "application/json" using [org.springframework.http.converter.json.MappingJackson2HttpMessageConverter@1192c925]
2017-07-17 23:58:53,413 [http-nio-8080-exec-2] DEBUG o.s.web.servlet.DispatcherServlet.processDispatchResult(1048) - Null ModelAndView returned to DispatcherServlet with name 'dispatcherServlet': assuming HandlerAdapter completed request handling
2017-07-17 23:58:53,415 [http-nio-8080-exec-2] DEBUG o.s.web.servlet.DispatcherServlet.processRequest(1000) - Successfully completed request
2017-07-17 23:58:53,416 [http-nio-8080-exec-2] DEBUG o.s.b.w.f.OrderedRequestContextFilter.doFilterInternal(104) - Cleared thread-bound request context: org.apache.catalina.connector.RequestFacade@15027fb3
2017-07-17 23:58:53,421 [http-nio-8080-exec-3] TRACE o.h.t.descriptor.sql.BasicExtractor.extract(51) - extracted value ([email2_2_0_] : [VARCHAR]) - [null]
2017-07-17 23:58:53,422 [http-nio-8080-exec-3] TRACE o.h.t.descriptor.sql.BasicExtractor.extract(61) - extracted value ([fees3_2_0_] : [FLOAT]) - [0.0]
2017-07-17 23:58:53,422 [http-nio-8080-exec-3] TRACE o.h.t.descriptor.sql.BasicExtractor.extract(51) - extracted value ([mobile4_2_0_] : [VARCHAR]) - [null]
2017-07-17 23:58:53,423 [http-nio-8080-exec-3] TRACE o.h.t.descriptor.sql.BasicExtractor.extract(61) - extracted value ([name5_2_0_] : [VARCHAR]) - [Kumara]
2017-07-17 23:58:53,424 [http-nio-8080-exec-3] TRACE o.h.t.descriptor.sql.BasicExtractor.extract(51) - extracted value ([qualific6_2_0_] : [VARCHAR]) - [null]
2017-07-17 23:58:53,425 [http-nio-8080-exec-3] DEBUG org.hibernate.SQL.logStatement(92) - select appointmen0_.id as id1_0_2_, appointmen0_.doctor_id as doctor_i3_0_2_, appointmen0_.patient_id as patient_4_0_2_, appointmen0_.time as time2_0_2_, doctor1_.id as id1_2_0_, doctor1_.email as email2_2_0_, doctor1_.fees as fees3_2_0_, doctor1_.mobile as mobile4_2_0_, doctor1_.name as name5_2_0_, doctor1_.qualification as qualific6_2_0_, doctor1_.title as title7_2_0_, patient2_.id as id1_4_1_, patient2_.occupation as occupati2_4_1_, patient2_.address1 as address3_4_1_, patient2_.address2 as address4_4_1_, patient2_.age as age5_4_1_, patient2_.allergies as allergie6_4_1_, patient2_.birthday_wish as birthday7_4_1_, patient2_.blood_group as blood_gr8_4_1_, patient2_.city as city9_4_1_, patient2_.dob as dob10_4_1_, patient2_.email as email11_4_1_, patient2_.gender as gender12_4_1_, patient2_.label as label13_4_1_, patient2_.landline as landlin14_4_1_, patient2_.medical_alert as medical15_4_1_, patient2_.medical_history as medical16_4_1_, patient2_.mobile as mobile17_4_1_, patient2_.name as name18_4_1_, patient2_.need_welcome_message as need_we19_4_1_, patient2_.pincode as pincode20_4_1_, patient2_.profile_id as profile21_4_1_, patient2_.remainder as remaind22_4_1_, patient2_.title as title23_4_1_ from appointment appointmen0_ left outer join doctor doctor1_ on appointmen0_.doctor_id=doctor1_.id left outer join patient patient2_ on appointmen0_.patient_id=patient2_.id where appointmen0_.doctor_id=?
2017-07-17 23:58:53,427 [http-nio-8080-exec-3] TRACE o.h.type.descriptor.sql.BasicBinder.bind(65) - binding parameter [1] as [BIGINT] - [1]
2017-07-17 23:58:53,461 [http-nio-8080-exec-3] TRACE o.h.t.descriptor.sql.BasicExtractor.extract(61) - extracted value ([id1_2_0_] : [BIGINT]) - [1]
2017-07-17 23:58:53,462 [http-nio-8080-exec-3] TRACE o.h.t.descriptor.sql.BasicExtractor.extract(61) - extracted value ([id1_4_1_] : [BIGINT]) - [1]
2017-07-17 23:58:53,463 [http-nio-8080-exec-3] TRACE o.h.t.descriptor.sql.BasicExtractor.extract(61) - extracted value ([id1_0_2_] : [BIGINT]) - [1]
2017-07-17 23:58:53,464 [http-nio-8080-exec-3] TRACE o.h.t.descriptor.sql.BasicExtractor.extract(51) - extracted value ([occupati2_4_1_] : [VARCHAR]) - [null]
2017-07-17 23:58:53,465 [http-nio-8080-exec-3] TRACE o.h.t.descriptor.sql.BasicExtractor.extract(51) - extracted value ([address3_4_1_] : [VARCHAR]) - [null]
2017-07-17 23:58:53,466 [http-nio-8080-exec-3] TRACE o.h.t.descriptor.sql.BasicExtractor.extract(51) - extracted value ([address4_4_1_] : [VARCHAR]) - [null]
2017-07-17 23:58:53,467 [http-nio-8080-exec-3] TRACE o.h.t.descriptor.sql.BasicExtractor.extract(61) - extracted value ([age5_4_1_] : [INTEGER]) - [0]
2017-07-17 23:58:53,468 [http-nio-8080-exec-3] TRACE o.h.t.descriptor.sql.BasicExtractor.extract(51) - extracted value ([allergie6_4_1_] : [VARCHAR]) - [null]
2017-07-17 23:58:53,469 [http-nio-8080-exec-3] TRACE o.h.t.descriptor.sql.BasicExtractor.extract(61) - extracted value ([birthday7_4_1_] : [BOOLEAN]) - [false]
2017-07-17 23:58:53,470 [http-nio-8080-exec-3] TRACE o.h.t.descriptor.sql.BasicExtractor.extract(51) - extracted value ([city9_4_1_] : [VARCHAR]) - [null]
2017-07-17 23:58:53,471 [http-nio-8080-exec-3] TRACE o.h.t.descriptor.sql.BasicExtractor.extract(61) - extracted value ([dob10_4_1_] : [DATE]) - [1979-05-15]
2017-07-17 23:58:53,472 [http-nio-8080-exec-3] TRACE o.h.t.descriptor.sql.BasicExtractor.extract(51) - extracted value ([email11_4_1_] : [VARCHAR]) - [null]
2017-07-17 23:58:53,473 [http-nio-8080-exec-3] TRACE o.h.t.descriptor.sql.BasicExtractor.extract(51) - extracted value ([label13_4_1_] : [VARCHAR]) - [null]
2017-07-17 23:58:53,474 [http-nio-8080-exec-3] TRACE o.h.t.descriptor.sql.BasicExtractor.extract(51) - extracted value ([landlin14_4_1_] : [VARCHAR]) - [null]
2017-07-17 23:58:53,474 [http-nio-8080-exec-3] TRACE o.h.t.descriptor.sql.BasicExtractor.extract(51) - extracted value ([medical15_4_1_] : [VARCHAR]) - [null]
2017-07-17 23:58:53,475 [http-nio-8080-exec-3] TRACE o.h.t.descriptor.sql.BasicExtractor.extract(51) - extracted value ([medical16_4_1_] : [VARCHAR]) - [null]
2017-07-17 23:58:53,476 [http-nio-8080-exec-3] TRACE o.h.t.descriptor.sql.BasicExtractor.extract(61) - extracted value ([mobile17_4_1_] : [VARCHAR]) - [(+91)1234567890]
2017-07-17 23:58:53,478 [http-nio-8080-exec-3] TRACE o.h.t.descriptor.sql.BasicExtractor.extract(61) - extracted value ([name18_4_1_] : [VARCHAR]) - [Guru]
2017-07-17 23:58:53,479 [http-nio-8080-exec-3] TRACE o.h.t.descriptor.sql.BasicExtractor.extract(61) - extracted value ([need_we19_4_1_] : [BOOLEAN]) - [false]
2017-07-17 23:58:53,480 [http-nio-8080-exec-3] TRACE o.h.t.descriptor.sql.BasicExtractor.extract(51) - extracted value ([pincode20_4_1_] : [VARCHAR]) - [null]
2017-07-17 23:58:53,482 [http-nio-8080-exec-3] TRACE o.h.t.descriptor.sql.BasicExtractor.extract(51) - extracted value ([profile21_4_1_] : [VARCHAR]) - [null]
2017-07-17 23:58:53,487 [http-nio-8080-exec-3] TRACE o.h.t.descriptor.sql.BasicExtractor.extract(61) - extracted value ([doctor_i3_0_2_] : [BIGINT]) - [1]
2017-07-17 23:58:53,489 [http-nio-8080-exec-3] TRACE o.h.t.descriptor.sql.BasicExtractor.extract(61) - extracted value ([patient_4_0_2_] : [BIGINT]) - [1]
2017-07-17 23:58:53,490 [http-nio-8080-exec-3] TRACE o.h.t.descriptor.sql.BasicExtractor.extract(61) - extracted value ([time2_0_2_] : [TIMESTAMP]) - [2017-07-17 23:58:25.363]
2017-07-17 23:58:53,491 [http-nio-8080-exec-3] DEBUG org.hibernate.SQL.logStatement(92) - select appointmen0_.id as id1_0_2_, appointmen0_.doctor_id as doctor_i3_0_2_, appointmen0_.patient_id as patient_4_0_2_, appointmen0_.time as time2_0_2_, doctor1_.id as id1_2_0_, doctor1_.email as email2_2_0_, doctor1_.fees as fees3_2_0_, doctor1_.mobile as mobile4_2_0_, doctor1_.name as name5_2_0_, doctor1_.qualification as qualific6_2_0_, doctor1_.title as title7_2_0_, patient2_.id as id1_4_1_, patient2_.occupation as occupati2_4_1_, patient2_.address1 as address3_4_1_, patient2_.address2 as address4_4_1_, patient2_.age as age5_4_1_, patient2_.allergies as allergie6_4_1_, patient2_.birthday_wish as birthday7_4_1_, patient2_.blood_group as blood_gr8_4_1_, patient2_.city as city9_4_1_, patient2_.dob as dob10_4_1_, patient2_.email as email11_4_1_, patient2_.gender as gender12_4_1_, patient2_.label as label13_4_1_, patient2_.landline as landlin14_4_1_, patient2_.medical_alert as medical15_4_1_, patient2_.medical_history as medical16_4_1_, patient2_.mobile as mobile17_4_1_, patient2_.name as name18_4_1_, patient2_.need_welcome_message as need_we19_4_1_, patient2_.pincode as pincode20_4_1_, patient2_.profile_id as profile21_4_1_, patient2_.remainder as remaind22_4_1_, patient2_.title as title23_4_1_ from appointment appointmen0_ left outer join doctor doctor1_ on appointmen0_.doctor_id=doctor1_.id left outer join patient patient2_ on appointmen0_.patient_id=patient2_.id where appointmen0_.patient_id=?
2017-07-17 23:58:53,493 [http-nio-8080-exec-3] TRACE o.h.type.descriptor.sql.BasicBinder.bind(65) - binding parameter [1] as [BIGINT] - [1]
2017-07-17 23:58:53,495 [http-nio-8080-exec-3] TRACE o.h.t.descriptor.sql.BasicExtractor.extract(61) - extracted value ([id1_2_0_] : [BIGINT]) - [1]
2017-07-17 23:58:53,496 [http-nio-8080-exec-3] TRACE o.h.t.descriptor.sql.BasicExtractor.extract(61) - extracted value ([id1_4_1_] : [BIGINT]) - [1]
2017-07-17 23:58:53,497 [http-nio-8080-exec-3] TRACE o.h.t.descriptor.sql.BasicExtractor.extract(61) - extracted value ([id1_0_2_] : [BIGINT]) - [1]
2017-07-17 23:58:53,506 [http-nio-8080-exec-3] DEBUG o.s.w.s.m.m.a.RequestResponseBodyMethodProcessor.writeWithMessageConverters(234) - Written [com.example.demo.domain.Doctor@4c379666] as "application/json" using [org.springframework.http.converter.json.MappingJackson2HttpMessageConverter@1192c925]
2017-07-17 23:58:53,506 [http-nio-8080-exec-3] DEBUG o.s.web.servlet.DispatcherServlet.processDispatchResult(1048) - Null ModelAndView returned to DispatcherServlet with name 'dispatcherServlet': assuming HandlerAdapter completed request handling
2017-07-17 23:58:53,507 [http-nio-8080-exec-3] DEBUG o.s.web.servlet.DispatcherServlet.processRequest(1000) - Successfully completed request
2017-07-17 23:58:53,508 [http-nio-8080-exec-3] DEBUG o.s.b.w.f.OrderedRequestContextFilter.doFilterInternal(104) - Cleared thread-bound request context: org.apache.catalina.connector.RequestFacade@135797b5
2017-07-17 23:59:18,365 [http-nio-8080-exec-4] DEBUG o.s.b.w.f.OrderedRequestContextFilter.initContextHolders(114) - Bound request context to thread: org.apache.catalina.connector.RequestFacade@135797b5
2017-07-17 23:59:18,367 [http-nio-8080-exec-4] DEBUG o.s.web.servlet.DispatcherServlet.doService(869) - DispatcherServlet with name 'dispatcherServlet' processing POST request for [/intelhosp/doctors]
2017-07-17 23:59:18,367 [http-nio-8080-exec-4] DEBUG o.s.w.s.m.m.a.RequestMappingHandlerMapping.getHandlerInternal(310) - Looking up handler method for path /intelhosp/doctors
2017-07-17 23:59:18,368 [http-nio-8080-exec-4] DEBUG o.s.w.s.m.m.a.RequestMappingHandlerMapping.getHandlerInternal(317) - Returning handler method [public com.example.demo.domain.Doctor com.example.demo.web.DoctorController.addDoctor(com.example.demo.domain.Doctor,javax.servlet.http.HttpServletRequest)]
2017-07-17 23:59:18,394 [http-nio-8080-exec-4] DEBUG o.s.w.s.m.m.a.ServletInvocableHandlerMethod.getMethodArgumentValues(164) - Failed to resolve argument 0 of type 'com.example.demo.domain.Doctor'
org.springframework.web.HttpMediaTypeNotSupportedException: Content type 'application/json;charset=UTF-8' not supported
	at org.springframework.web.servlet.mvc.method.annotation.AbstractMessageConverterMethodArgumentResolver.readWithMessageConverters(AbstractMessageConverterMethodArgumentResolver.java:237)
	at org.springframework.web.servlet.mvc.method.annotation.RequestResponseBodyMethodProcessor.readWithMessageConverters(RequestResponseBodyMethodProcessor.java:150)
	at org.springframework.web.servlet.mvc.method.annotation.RequestResponseBodyMethodProcessor.resolveArgument(RequestResponseBodyMethodProcessor.java:128)
	at org.springframework.web.method.support.HandlerMethodArgumentResolverComposite.resolveArgument(HandlerMethodArgumentResolverComposite.java:121)
	at org.springframework.web.method.support.InvocableHandlerMethod.getMethodArgumentValues(InvocableHandlerMethod.java:158)
	at org.springframework.web.method.support.InvocableHandlerMethod.invokeForRequest(InvocableHandlerMethod.java:128)
	at org.springframework.web.servlet.mvc.method.annotation.ServletInvocableHandlerMethod.invokeAndHandle(ServletInvocableHandlerMethod.java:97)
	at org.springframework.web.servlet.mvc.method.annotation.RequestMappingHandlerAdapter.invokeHandlerMethod(RequestMappingHandlerAdapter.java:827)
	at org.springframework.web.servlet.mvc.method.annotation.RequestMappingHandlerAdapter.handleInternal(RequestMappingHandlerAdapter.java:738)
	at org.springframework.web.servlet.mvc.method.AbstractHandlerMethodAdapter.handle(AbstractHandlerMethodAdapter.java:85)
	at org.springframework.web.servlet.DispatcherServlet.doDispatch(DispatcherServlet.java:967)
	at org.springframework.web.servlet.DispatcherServlet.doService(DispatcherServlet.java:901)
	at org.springframework.web.servlet.FrameworkServlet.processRequest(FrameworkServlet.java:970)
	at org.springframework.web.servlet.FrameworkServlet.doPost(FrameworkServlet.java:872)
	at javax.servlet.http.HttpServlet.service(HttpServlet.java:661)
	at org.springframework.web.servlet.FrameworkServlet.service(FrameworkServlet.java:846)
	at javax.servlet.http.HttpServlet.service(HttpServlet.java:742)
	at org.apache.catalina.core.ApplicationFilterChain.internalDoFilter(ApplicationFilterChain.java:231)
	at org.apache.catalina.core.ApplicationFilterChain.doFilter(ApplicationFilterChain.java:166)
	at org.apache.tomcat.websocket.server.WsFilter.doFilter(WsFilter.java:52)
	at org.apache.catalina.core.ApplicationFilterChain.internalDoFilter(ApplicationFilterChain.java:193)
	at org.apache.catalina.core.ApplicationFilterChain.doFilter(ApplicationFilterChain.java:166)
	at org.springframework.web.filter.RequestContextFilter.doFilterInternal(RequestContextFilter.java:99)
	at org.springframework.web.filter.OncePerRequestFilter.doFilter(OncePerRequestFilter.java:107)
	at org.apache.catalina.core.ApplicationFilterChain.internalDoFilter(ApplicationFilterChain.java:193)
	at org.apache.catalina.core.ApplicationFilterChain.doFilter(ApplicationFilterChain.java:166)
	at org.springframework.web.filter.HttpPutFormContentFilter.doFilterInternal(HttpPutFormContentFilter.java:105)
	at org.springframework.web.filter.OncePerRequestFilter.doFilter(OncePerRequestFilter.java:107)
	at org.apache.catalina.core.ApplicationFilterChain.internalDoFilter(ApplicationFilterChain.java:193)
	at org.apache.catalina.core.ApplicationFilterChain.doFilter(ApplicationFilterChain.java:166)
	at org.springframework.web.filter.HiddenHttpMethodFilter.doFilterInternal(HiddenHttpMethodFilter.java:81)
	at org.springframework.web.filter.OncePerRequestFilter.doFilter(OncePerRequestFilter.java:107)
	at org.apache.catalina.core.ApplicationFilterChain.internalDoFilter(ApplicationFilterChain.java:193)
	at org.apache.catalina.core.ApplicationFilterChain.doFilter(ApplicationFilterChain.java:166)
	at org.springframework.web.filter.CharacterEncodingFilter.doFilterInternal(CharacterEncodingFilter.java:197)
	at org.springframework.web.filter.OncePerRequestFilter.doFilter(OncePerRequestFilter.java:107)
	at org.apache.catalina.core.ApplicationFilterChain.internalDoFilter(ApplicationFilterChain.java:193)
	at org.apache.catalina.core.ApplicationFilterChain.doFilter(ApplicationFilterChain.java:166)
	at org.apache.catalina.core.StandardWrapperValve.invoke(StandardWrapperValve.java:198)
	at org.apache.catalina.core.StandardContextValve.invoke(StandardContextValve.java:96)
	at org.apache.catalina.authenticator.AuthenticatorBase.invoke(AuthenticatorBase.java:478)
	at org.apache.catalina.core.StandardHostValve.invoke(StandardHostValve.java:140)
	at org.apache.catalina.valves.ErrorReportValve.invoke(ErrorReportValve.java:80)
	at org.apache.catalina.core.StandardEngineValve.invoke(StandardEngineValve.java:87)
	at org.apache.catalina.connector.CoyoteAdapter.service(CoyoteAdapter.java:342)
	at org.apache.coyote.http11.Http11Processor.service(Http11Processor.java:799)
	at org.apache.coyote.AbstractProcessorLight.process(AbstractProcessorLight.java:66)
	at org.apache.coyote.AbstractProtocol$ConnectionHandler.process(AbstractProtocol.java:861)
	at org.apache.tomcat.util.net.NioEndpoint$SocketProcessor.doRun(NioEndpoint.java:1455)
	at org.apache.tomcat.util.net.SocketProcessorBase.run(SocketProcessorBase.java:49)
	at java.util.concurrent.ThreadPoolExecutor.runWorker(ThreadPoolExecutor.java:1142)
	at java.util.concurrent.ThreadPoolExecutor$Worker.run(ThreadPoolExecutor.java:617)
	at org.apache.tomcat.util.threads.TaskThread$WrappingRunnable.run(TaskThread.java:61)
	at java.lang.Thread.run(Thread.java:745)
2017-07-17 23:59:18,403 [http-nio-8080-exec-4] DEBUG o.s.w.s.m.m.a.ExceptionHandlerExceptionResolver.resolveException(133) - Resolving exception from handler [public com.example.demo.domain.Doctor com.example.demo.web.DoctorController.addDoctor(com.example.demo.domain.Doctor,javax.servlet.http.HttpServletRequest)]: org.springframework.web.HttpMediaTypeNotSupportedException: Content type 'application/json;charset=UTF-8' not supported
2017-07-17 23:59:18,412 [http-nio-8080-exec-4] DEBUG o.s.w.s.m.m.a.ExceptionHandlerExceptionResolver.resolveException(133) - Resolving exception from handler [public com.example.demo.domain.Doctor com.example.demo.web.DoctorController.addDoctor(com.example.demo.domain.Doctor,javax.servlet.http.HttpServletRequest)]: org.springframework.web.HttpMediaTypeNotSupportedException: Content type 'application/json;charset=UTF-8' not supported
2017-07-17 23:59:18,415 [http-nio-8080-exec-4] DEBUG o.s.w.s.m.a.ResponseStatusExceptionResolver.resolveException(133) - Resolving exception from handler [public com.example.demo.domain.Doctor com.example.demo.web.DoctorController.addDoctor(com.example.demo.domain.Doctor,javax.servlet.http.HttpServletRequest)]: org.springframework.web.HttpMediaTypeNotSupportedException: Content type 'application/json;charset=UTF-8' not supported
2017-07-17 23:59:18,416 [http-nio-8080-exec-4] DEBUG o.s.w.s.m.s.DefaultHandlerExceptionResolver.resolveException(133) - Resolving exception from handler [public com.example.demo.domain.Doctor com.example.demo.web.DoctorController.addDoctor(com.example.demo.domain.Doctor,javax.servlet.http.HttpServletRequest)]: org.springframework.web.HttpMediaTypeNotSupportedException: Content type 'application/json;charset=UTF-8' not supported
2017-07-17 23:59:18,417 [http-nio-8080-exec-4] DEBUG o.s.web.servlet.DispatcherServlet.processDispatchResult(1048) - Null ModelAndView returned to DispatcherServlet with name 'dispatcherServlet': assuming HandlerAdapter completed request handling
2017-07-17 23:59:18,418 [http-nio-8080-exec-4] DEBUG o.s.web.servlet.DispatcherServlet.processRequest(1000) - Successfully completed request
2017-07-17 23:59:18,418 [http-nio-8080-exec-4] DEBUG o.s.b.w.f.OrderedRequestContextFilter.doFilterInternal(104) - Cleared thread-bound request context: org.apache.catalina.connector.RequestFacade@135797b5
2017-07-17 23:59:18,432 [http-nio-8080-exec-4] DEBUG o.s.web.servlet.DispatcherServlet.doService(869) - DispatcherServlet with name 'dispatcherServlet' processing POST request for [/error]
2017-07-17 23:59:18,432 [http-nio-8080-exec-4] DEBUG o.s.w.s.m.m.a.RequestMappingHandlerMapping.getHandlerInternal(310) - Looking up handler method for path /error
2017-07-17 23:59:18,433 [http-nio-8080-exec-4] DEBUG o.s.w.s.m.m.a.RequestMappingHandlerMapping.getHandlerInternal(317) - Returning handler method [public org.springframework.http.ResponseEntity<java.util.Map<java.lang.String, java.lang.Object>> org.springframework.boot.autoconfigure.web.BasicErrorController.error(javax.servlet.http.HttpServletRequest)]
2017-07-17 23:59:18,456 [http-nio-8080-exec-4] DEBUG o.s.w.s.m.m.a.HttpEntityMethodProcessor.writeWithMessageConverters(234) - Written [{timestamp=Mon Jul 17 23:59:18 IST 2017, status=415, error=Unsupported Media Type, exception=org.springframework.web.HttpMediaTypeNotSupportedException, message=Content type 'application/json;charset=UTF-8' not supported, path=/intelhosp/doctors}] as "application/json" using [org.springframework.http.converter.json.MappingJackson2HttpMessageConverter@1192c925]
2017-07-17 23:59:18,457 [http-nio-8080-exec-4] DEBUG o.s.web.servlet.DispatcherServlet.processDispatchResult(1048) - Null ModelAndView returned to DispatcherServlet with name 'dispatcherServlet': assuming HandlerAdapter completed request handling
2017-07-17 23:59:18,457 [http-nio-8080-exec-4] DEBUG o.s.web.servlet.DispatcherServlet.processRequest(1000) - Successfully completed request
