2017-07-15 21:14:35 - Adding [servletConfigInitParams] PropertySource with lowest search precedence
2017-07-15 21:14:35 - Adding [servletContextInitParams] PropertySource with lowest search precedence
2017-07-15 21:14:35 - Adding [systemProperties] PropertySource with lowest search precedence
2017-07-15 21:14:35 - Adding [systemEnvironment] PropertySource with lowest search precedence
2017-07-15 21:14:35 - Initialized StandardServletEnvironment with PropertySources [servletConfigInitParams,servletContextInitParams,systemProperties,systemEnvironment]
2017-07-15 21:14:35 - Starting DemoApplication on W10GB1G152 with PID 10236 (C:\workspace\denthosp\demo\target\classes started by Kumaraguru_Narayanan in C:\workspace\denthosp\demo)
2017-07-15 21:14:35 - Starting DemoApplication on W10GB1G152 with PID 10236 (C:\workspace\denthosp\demo\target\classes started by Kumaraguru_Narayanan in C:\workspace\denthosp\demo)
2017-07-15 21:14:35 - Running with Spring Boot v1.5.4.RELEASE, Spring v4.3.9.RELEASE
2017-07-15 21:14:35 - Running with Spring Boot v1.5.4.RELEASE, Spring v4.3.9.RELEASE
2017-07-15 21:14:35 - No active profile set, falling back to default profiles: default
2017-07-15 21:14:35 - No active profile set, falling back to default profiles: default
2017-07-15 21:14:37 - Adding [applicationConfig: [classpath:/application.properties]] PropertySource with search precedence immediately lower than [applicationConfigurationProperties]
2017-07-15 21:14:37 - Removing [applicationConfigurationProperties] PropertySource
2017-07-15 21:14:37 - Removing [defaultProperties] PropertySource
2017-07-15 21:14:38 - Published root WebApplicationContext as ServletContext attribute with name [org.springframework.web.context.WebApplicationContext.ROOT]
2017-07-15 21:14:38 - Root WebApplicationContext: initialization completed in 2791 ms
2017-07-15 21:14:38 - Replacing [servletContextInitParams] PropertySource with [servletContextInitParams]
2017-07-15 21:14:41 - alter table appointment drop constraint FKoeb98n82eph1dx43v3y2bcmsl
2017-07-15 21:14:41 - HHH000389: Unsuccessful: alter table appointment drop constraint FKoeb98n82eph1dx43v3y2bcmsl
2017-07-15 21:14:41 - ERROR: relation "appointment" does not exist
2017-07-15 21:14:41 - alter table appointment drop constraint FK4apif2ewfyf14077ichee8g06
2017-07-15 21:14:41 - HHH000389: Unsuccessful: alter table appointment drop constraint FK4apif2ewfyf14077ichee8g06
2017-07-15 21:14:41 - ERROR: relation "appointment" does not exist
2017-07-15 21:14:41 - alter table doctor_category drop constraint FK3qokrjwt4mfgywr0tkbwgo8ro
2017-07-15 21:14:41 - HHH000389: Unsuccessful: alter table doctor_category drop constraint FK3qokrjwt4mfgywr0tkbwgo8ro
2017-07-15 21:14:41 - ERROR: relation "doctor_category" does not exist
2017-07-15 21:14:41 - alter table doctor_category drop constraint FK24vsg13pcqv4f8oemft35buf0
2017-07-15 21:14:41 - HHH000389: Unsuccessful: alter table doctor_category drop constraint FK24vsg13pcqv4f8oemft35buf0
2017-07-15 21:14:41 - ERROR: relation "doctor_category" does not exist
2017-07-15 21:14:41 - drop table if exists appointment cascade
2017-07-15 21:14:41 - drop table if exists category cascade
2017-07-15 21:14:41 - drop table if exists doctor cascade
2017-07-15 21:14:41 - drop table if exists doctor_category cascade
2017-07-15 21:14:41 - drop table if exists patient cascade
2017-07-15 21:14:41 - drop sequence appointment_sequence
2017-07-15 21:14:41 - HHH000389: Unsuccessful: drop sequence appointment_sequence
2017-07-15 21:14:41 - ERROR: sequence "appointment_sequence" does not exist
2017-07-15 21:14:41 - drop sequence category_sequence
2017-07-15 21:14:41 - HHH000389: Unsuccessful: drop sequence category_sequence
2017-07-15 21:14:41 - ERROR: sequence "category_sequence" does not exist
2017-07-15 21:14:41 - drop sequence doctor_sequence
2017-07-15 21:14:41 - HHH000389: Unsuccessful: drop sequence doctor_sequence
2017-07-15 21:14:41 - ERROR: sequence "doctor_sequence" does not exist
2017-07-15 21:14:41 - drop sequence patient_sequence
2017-07-15 21:14:41 - HHH000389: Unsuccessful: drop sequence patient_sequence
2017-07-15 21:14:41 - ERROR: sequence "patient_sequence" does not exist
2017-07-15 21:14:41 - create sequence appointment_sequence start 1 increment 1
2017-07-15 21:14:41 - create sequence category_sequence start 1 increment 1
2017-07-15 21:14:41 - create sequence doctor_sequence start 1 increment 1
2017-07-15 21:14:41 - create sequence patient_sequence start 1 increment 1
2017-07-15 21:14:41 - create table appointment (id int8 not null, time timestamp not null, doctor_id int8, patient_id int8, primary key (id))
2017-07-15 21:14:41 - create table category (id int8 not null, name varchar(255) not null, primary key (id))
2017-07-15 21:14:41 - create table doctor (id int8 not null, email varchar(255), fees float4 not null, mobile varchar(255), name varchar(255) not null, qualification varchar(255), title int4, primary key (id))
2017-07-15 21:14:41 - create table doctor_category (category_id int8 not null, doctor_id int8 not null, primary key (category_id, doctor_id))
2017-07-15 21:14:41 - create table patient (id int8 not null, occupation varchar(255), address1 varchar(255), address2 varchar(255), age int4 not null, allergies varchar(255), birthday_wish boolean not null, blood_group int4, city varchar(255), dob date, email varchar(255), gender int4, label varchar(255), landline varchar(255), medical_alert varchar(255), medical_history varchar(255), mobile varchar(255) not null, name varchar(255) not null, need_welcome_message boolean not null, pincode varchar(255), profile_id varchar(255), remainder int4, title int4, primary key (id))
2017-07-15 21:14:41 - alter table appointment add constraint FKoeb98n82eph1dx43v3y2bcmsl foreign key (doctor_id) references doctor
2017-07-15 21:14:41 - alter table appointment add constraint FK4apif2ewfyf14077ichee8g06 foreign key (patient_id) references patient
2017-07-15 21:14:41 - alter table doctor_category add constraint FK3qokrjwt4mfgywr0tkbwgo8ro foreign key (doctor_id) references doctor
2017-07-15 21:14:41 - alter table doctor_category add constraint FK24vsg13pcqv4f8oemft35buf0 foreign key (category_id) references category
2017-07-15 21:14:42 - Looking for @ControllerAdvice: org.springframework.boot.context.embedded.AnnotationConfigEmbeddedWebApplicationContext@7f010382: startup date [Sat Jul 15 21:14:35 IST 2017]; root of context hierarchy
2017-07-15 21:14:43 - Looking for request mappings in application context: org.springframework.boot.context.embedded.AnnotationConfigEmbeddedWebApplicationContext@7f010382: startup date [Sat Jul 15 21:14:35 IST 2017]; root of context hierarchy
2017-07-15 21:14:43 - 1 request handler methods found on class com.example.demo.web.DemoController: {public java.lang.String com.example.demo.web.DemoController.settings(javax.servlet.http.HttpServletRequest)={[/intelhosp/settings],methods=[POST]}}
2017-07-15 21:14:43 - Mapped "{[/intelhosp/settings],methods=[POST]}" onto public java.lang.String com.example.demo.web.DemoController.settings(javax.servlet.http.HttpServletRequest)
2017-07-15 21:14:43 - 7 request handler methods found on class com.example.demo.web.DoctorController: {public java.util.List com.example.demo.web.DoctorController.getAllDoctorspojo(javax.servlet.http.HttpServletRequest)={[/doctor/],methods=[GET]}, public java.util.List com.example.demo.web.DoctorController.getAllDoctors(javax.servlet.http.HttpServletRequest)={[/doctor/doctordto],methods=[GET]}, public com.example.demo.domain.Doctor com.example.demo.web.DoctorController.getDoctor(long,javax.servlet.http.HttpServletRequest)={[/doctor/{doctorid}],methods=[GET]}, public com.example.demo.domain.Doctor com.example.demo.web.DoctorController.editDoctor(com.example.demo.domain.Doctor,javax.servlet.http.HttpServletRequest)={[/doctor/],methods=[PUT]}, public void com.example.demo.web.DoctorController.deleteDoctor(long,javax.servlet.http.HttpServletRequest)={[/doctor/{doctorid}],methods=[DELETE]}, public com.example.demo.domain.Doctor com.example.demo.web.DoctorController.addDoctor(com.example.demo.domain.Doctor,javax.servlet.http.HttpServletRequest)={[/doctor/],methods=[POST]}, public java.lang.String com.example.demo.web.DemoController.settings(javax.servlet.http.HttpServletRequest)={[/doctor/settings],methods=[POST]}}
2017-07-15 21:14:43 - Mapped "{[/doctor/],methods=[GET]}" onto public java.util.List<com.example.demo.domain.Doctor> com.example.demo.web.DoctorController.getAllDoctorspojo(javax.servlet.http.HttpServletRequest)
2017-07-15 21:14:43 - Mapped "{[/doctor/doctordto],methods=[GET]}" onto public java.util.List<com.example.demo.domain.dto.DoctorDto> com.example.demo.web.DoctorController.getAllDoctors(javax.servlet.http.HttpServletRequest)
2017-07-15 21:14:43 - Mapped "{[/doctor/{doctorid}],methods=[GET]}" onto public com.example.demo.domain.Doctor com.example.demo.web.DoctorController.getDoctor(long,javax.servlet.http.HttpServletRequest)
2017-07-15 21:14:43 - Mapped "{[/doctor/],methods=[PUT]}" onto public com.example.demo.domain.Doctor com.example.demo.web.DoctorController.editDoctor(com.example.demo.domain.Doctor,javax.servlet.http.HttpServletRequest)
2017-07-15 21:14:43 - Mapped "{[/doctor/{doctorid}],methods=[DELETE]}" onto public void com.example.demo.web.DoctorController.deleteDoctor(long,javax.servlet.http.HttpServletRequest)
2017-07-15 21:14:43 - Mapped "{[/doctor/],methods=[POST]}" onto public com.example.demo.domain.Doctor com.example.demo.web.DoctorController.addDoctor(com.example.demo.domain.Doctor,javax.servlet.http.HttpServletRequest)
2017-07-15 21:14:43 - Mapped "{[/doctor/settings],methods=[POST]}" onto public java.lang.String com.example.demo.web.DemoController.settings(javax.servlet.http.HttpServletRequest)
2017-07-15 21:14:43 - 2 request handler methods found on class org.springframework.boot.autoconfigure.web.BasicErrorController: {public org.springframework.http.ResponseEntity org.springframework.boot.autoconfigure.web.BasicErrorController.error(javax.servlet.http.HttpServletRequest)={[/error]}, public org.springframework.web.servlet.ModelAndView org.springframework.boot.autoconfigure.web.BasicErrorController.errorHtml(javax.servlet.http.HttpServletRequest,javax.servlet.http.HttpServletResponse)={[/error],produces=[text/html]}}
2017-07-15 21:14:43 - Mapped "{[/error]}" onto public org.springframework.http.ResponseEntity<java.util.Map<java.lang.String, java.lang.Object>> org.springframework.boot.autoconfigure.web.BasicErrorController.error(javax.servlet.http.HttpServletRequest)
2017-07-15 21:14:43 - Mapped "{[/error],produces=[text/html]}" onto public org.springframework.web.servlet.ModelAndView org.springframework.boot.autoconfigure.web.BasicErrorController.errorHtml(javax.servlet.http.HttpServletRequest,javax.servlet.http.HttpServletResponse)
2017-07-15 21:14:43 - Looking for URL mappings in application context: org.springframework.boot.context.embedded.AnnotationConfigEmbeddedWebApplicationContext@7f010382: startup date [Sat Jul 15 21:14:35 IST 2017]; root of context hierarchy
2017-07-15 21:14:43 - Rejected bean name 'org.springframework.context.annotation.internalConfigurationAnnotationProcessor': no URL paths identified
2017-07-15 21:14:43 - Rejected bean name 'org.springframework.context.annotation.internalAutowiredAnnotationProcessor': no URL paths identified
2017-07-15 21:14:43 - Rejected bean name 'org.springframework.context.annotation.internalRequiredAnnotationProcessor': no URL paths identified
2017-07-15 21:14:43 - Rejected bean name 'org.springframework.context.annotation.internalCommonAnnotationProcessor': no URL paths identified
2017-07-15 21:14:43 - Rejected bean name 'org.springframework.context.annotation.internalPersistenceAnnotationProcessor': no URL paths identified
2017-07-15 21:14:43 - Rejected bean name 'org.springframework.context.event.internalEventListenerProcessor': no URL paths identified
2017-07-15 21:14:43 - Rejected bean name 'org.springframework.context.event.internalEventListenerFactory': no URL paths identified
2017-07-15 21:14:43 - Rejected bean name 'demoApplication': no URL paths identified
2017-07-15 21:14:43 - Rejected bean name 'org.springframework.boot.autoconfigure.internalCachingMetadataReaderFactory': no URL paths identified
2017-07-15 21:14:43 - Rejected bean name 'appointmentService': no URL paths identified
2017-07-15 21:14:43 - Rejected bean name 'doctorService': no URL paths identified
2017-07-15 21:14:43 - Rejected bean name 'patientService': no URL paths identified
2017-07-15 21:14:43 - Rejected bean name 'demoController': no URL paths identified
2017-07-15 21:14:43 - Rejected bean name 'doctorController': no URL paths identified
2017-07-15 21:14:43 - Rejected bean name 'profileController': no URL paths identified
2017-07-15 21:14:43 - Rejected bean name 'alpsController': no URL paths identified
2017-07-15 21:14:43 - Rejected bean name 'repositorySchemaController': no URL paths identified
2017-07-15 21:14:43 - Rejected bean name 'repositoryController': no URL paths identified
2017-07-15 21:14:43 - Rejected bean name 'repositoryPropertyReferenceController': no URL paths identified
2017-07-15 21:14:43 - Rejected bean name 'repositorySearchController': no URL paths identified
2017-07-15 21:14:43 - Rejected bean name 'repositoryEntityController': no URL paths identified
2017-07-15 21:14:43 - Rejected bean name 'org.springframework.boot.autoconfigure.AutoConfigurationPackages': no URL paths identified
2017-07-15 21:14:43 - Rejected bean name 'org.springframework.boot.autoconfigure.context.PropertyPlaceholderAutoConfiguration': no URL paths identified
2017-07-15 21:14:43 - Rejected bean name 'org.springframework.boot.autoconfigure.condition.BeanTypeRegistry': no URL paths identified
2017-07-15 21:14:43 - Rejected bean name 'propertySourcesPlaceholderConfigurer': no URL paths identified
2017-07-15 21:14:43 - Rejected bean name 'org.springframework.boot.autoconfigure.jackson.JacksonAutoConfiguration$Jackson2ObjectMapperBuilderCustomizerConfiguration': no URL paths identified
2017-07-15 21:14:43 - Rejected bean name 'standardJacksonObjectMapperBuilderCustomizer': no URL paths identified
2017-07-15 21:14:43 - Rejected bean name 'spring.jackson-org.springframework.boot.autoconfigure.jackson.JacksonProperties': no URL paths identified
2017-07-15 21:14:43 - Rejected bean name 'org.springframework.boot.context.properties.ConfigurationPropertiesBindingPostProcessor': no URL paths identified
2017-07-15 21:14:43 - Rejected bean name 'org.springframework.boot.context.properties.ConfigurationPropertiesBindingPostProcessor.store': no URL paths identified
2017-07-15 21:14:43 - Rejected bean name 'org.springframework.boot.autoconfigure.jackson.JacksonAutoConfiguration$JacksonObjectMapperBuilderConfiguration': no URL paths identified
2017-07-15 21:14:43 - Rejected bean name 'jacksonObjectMapperBuilder': no URL paths identified
2017-07-15 21:14:43 - Rejected bean name 'org.springframework.boot.autoconfigure.jackson.JacksonAutoConfiguration$JacksonObjectMapperConfiguration': no URL paths identified
2017-07-15 21:14:43 - Rejected bean name 'jacksonObjectMapper': no URL paths identified
2017-07-15 21:14:43 - Rejected bean name 'org.springframework.boot.autoconfigure.jackson.JacksonAutoConfiguration': no URL paths identified
2017-07-15 21:14:43 - Rejected bean name 'jsonComponentModule': no URL paths identified
2017-07-15 21:14:43 - Rejected bean name 'org.springframework.boot.autoconfigure.websocket.WebSocketAutoConfiguration$TomcatWebSocketConfiguration': no URL paths identified
2017-07-15 21:14:43 - Rejected bean name 'websocketContainerCustomizer': no URL paths identified
2017-07-15 21:14:43 - Rejected bean name 'org.springframework.boot.autoconfigure.websocket.WebSocketAutoConfiguration': no URL paths identified
2017-07-15 21:14:43 - Rejected bean name 'org.springframework.boot.autoconfigure.web.EmbeddedServletContainerAutoConfiguration$EmbeddedTomcat': no URL paths identified
2017-07-15 21:14:43 - Rejected bean name 'tomcatEmbeddedServletContainerFactory': no URL paths identified
2017-07-15 21:14:43 - Rejected bean name 'org.springframework.boot.autoconfigure.web.EmbeddedServletContainerAutoConfiguration': no URL paths identified
2017-07-15 21:14:43 - Rejected bean name 'embeddedServletContainerCustomizerBeanPostProcessor': no URL paths identified
2017-07-15 21:14:43 - Rejected bean name 'errorPageRegistrarBeanPostProcessor': no URL paths identified
2017-07-15 21:14:43 - Rejected bean name 'org.springframework.boot.autoconfigure.web.DispatcherServletAutoConfiguration$DispatcherServletConfiguration': no URL paths identified
2017-07-15 21:14:43 - Rejected bean name 'dispatcherServlet': no URL paths identified
2017-07-15 21:14:43 - Rejected bean name 'spring.mvc-org.springframework.boot.autoconfigure.web.WebMvcProperties': no URL paths identified
2017-07-15 21:14:43 - Rejected bean name 'org.springframework.boot.autoconfigure.web.DispatcherServletAutoConfiguration$DispatcherServletRegistrationConfiguration': no URL paths identified
2017-07-15 21:14:43 - Rejected bean name 'dispatcherServletRegistration': no URL paths identified
2017-07-15 21:14:43 - Rejected bean name 'org.springframework.boot.autoconfigure.web.DispatcherServletAutoConfiguration': no URL paths identified
2017-07-15 21:14:43 - Rejected bean name 'org.springframework.boot.autoconfigure.validation.ValidationAutoConfiguration': no URL paths identified
2017-07-15 21:14:43 - Rejected bean name 'defaultValidator': no URL paths identified
2017-07-15 21:14:43 - Rejected bean name 'methodValidationPostProcessor': no URL paths identified
2017-07-15 21:14:43 - Rejected bean name 'org.springframework.boot.autoconfigure.web.ErrorMvcAutoConfiguration$WhitelabelErrorViewConfiguration': no URL paths identified
2017-07-15 21:14:43 - Rejected bean name 'error': no URL paths identified
2017-07-15 21:14:43 - Rejected bean name 'beanNameViewResolver': no URL paths identified
2017-07-15 21:14:43 - Rejected bean name 'org.springframework.boot.autoconfigure.web.ErrorMvcAutoConfiguration$DefaultErrorViewResolverConfiguration': no URL paths identified
2017-07-15 21:14:43 - Rejected bean name 'conventionErrorViewResolver': no URL paths identified
2017-07-15 21:14:43 - Rejected bean name 'org.springframework.boot.autoconfigure.web.ErrorMvcAutoConfiguration': no URL paths identified
2017-07-15 21:14:43 - Rejected bean name 'errorAttributes': no URL paths identified
2017-07-15 21:14:43 - Rejected bean name 'basicErrorController': no URL paths identified
2017-07-15 21:14:43 - Rejected bean name 'errorPageCustomizer': no URL paths identified
2017-07-15 21:14:43 - Rejected bean name 'preserveErrorControllerTargetClassPostProcessor': no URL paths identified
2017-07-15 21:14:43 - Rejected bean name 'spring.resources-org.springframework.boot.autoconfigure.web.ResourceProperties': no URL paths identified
2017-07-15 21:14:43 - Rejected bean name 'org.springframework.boot.autoconfigure.web.WebMvcAutoConfiguration$EnableWebMvcConfiguration': no URL paths identified
2017-07-15 21:14:43 - Rejected bean name 'requestMappingHandlerAdapter': no URL paths identified
2017-07-15 21:14:43 - Rejected bean name 'requestMappingHandlerMapping': no URL paths identified
2017-07-15 21:14:43 - Rejected bean name 'mvcValidator': no URL paths identified
2017-07-15 21:14:43 - Rejected bean name 'mvcContentNegotiationManager': no URL paths identified
2017-07-15 21:14:43 - Rejected bean name 'mvcPathMatcher': no URL paths identified
2017-07-15 21:14:43 - Rejected bean name 'mvcUrlPathHelper': no URL paths identified
2017-07-15 21:14:43 - Rejected bean name 'viewControllerHandlerMapping': no URL paths identified
2017-07-15 21:14:43 - Rejected bean name 'beanNameHandlerMapping': no URL paths identified
2017-07-15 21:14:43 - Rejected bean name 'resourceHandlerMapping': no URL paths identified
2017-07-15 21:14:43 - Rejected bean name 'mvcResourceUrlProvider': no URL paths identified
2017-07-15 21:14:43 - Rejected bean name 'defaultServletHandlerMapping': no URL paths identified
2017-07-15 21:14:43 - Rejected bean name 'mvcConversionService': no URL paths identified
2017-07-15 21:14:43 - Rejected bean name 'mvcUriComponentsContributor': no URL paths identified
2017-07-15 21:14:43 - Rejected bean name 'httpRequestHandlerAdapter': no URL paths identified
2017-07-15 21:14:43 - Rejected bean name 'simpleControllerHandlerAdapter': no URL paths identified
2017-07-15 21:14:43 - Rejected bean name 'handlerExceptionResolver': no URL paths identified
2017-07-15 21:14:43 - Rejected bean name 'mvcViewResolver': no URL paths identified
2017-07-15 21:14:43 - Rejected bean name 'org.springframework.boot.autoconfigure.web.WebMvcAutoConfiguration$WebMvcAutoConfigurationAdapter$FaviconConfiguration': no URL paths identified
2017-07-15 21:14:43 - Rejected bean name 'faviconHandlerMapping': no URL paths identified
2017-07-15 21:14:43 - Rejected bean name 'faviconRequestHandler': no URL paths identified
2017-07-15 21:14:43 - Rejected bean name 'org.springframework.boot.autoconfigure.web.WebMvcAutoConfiguration$WebMvcAutoConfigurationAdapter': no URL paths identified
2017-07-15 21:14:43 - Rejected bean name 'defaultViewResolver': no URL paths identified
2017-07-15 21:14:43 - Rejected bean name 'viewResolver': no URL paths identified
2017-07-15 21:14:43 - Rejected bean name 'welcomePageHandlerMapping': no URL paths identified
2017-07-15 21:14:43 - Rejected bean name 'requestContextFilter': no URL paths identified
2017-07-15 21:14:43 - Rejected bean name 'org.springframework.boot.autoconfigure.web.WebMvcAutoConfiguration': no URL paths identified
2017-07-15 21:14:43 - Rejected bean name 'hiddenHttpMethodFilter': no URL paths identified
2017-07-15 21:14:43 - Rejected bean name 'httpPutFormContentFilter': no URL paths identified
2017-07-15 21:14:43 - Rejected bean name 'org.springframework.boot.autoconfigure.jmx.JmxAutoConfiguration': no URL paths identified
2017-07-15 21:14:43 - Rejected bean name 'mbeanExporter': no URL paths identified
2017-07-15 21:14:43 - Rejected bean name 'objectNamingStrategy': no URL paths identified
2017-07-15 21:14:43 - Rejected bean name 'mbeanServer': no URL paths identified
2017-07-15 21:14:43 - Rejected bean name 'org.springframework.boot.autoconfigure.admin.SpringApplicationAdminJmxAutoConfiguration': no URL paths identified
2017-07-15 21:14:43 - Rejected bean name 'springApplicationAdminRegistrar': no URL paths identified
2017-07-15 21:14:43 - Rejected bean name 'org.springframework.boot.autoconfigure.aop.AopAutoConfiguration$JdkDynamicAutoProxyConfiguration': no URL paths identified
2017-07-15 21:14:43 - Rejected bean name 'org.springframework.aop.config.internalAutoProxyCreator': no URL paths identified
2017-07-15 21:14:43 - Rejected bean name 'org.springframework.boot.autoconfigure.aop.AopAutoConfiguration': no URL paths identified
2017-07-15 21:14:43 - Rejected bean name 'org.springframework.boot.autoconfigure.transaction.jta.JtaAutoConfiguration': no URL paths identified
2017-07-15 21:14:43 - Rejected bean name 'spring.jta-org.springframework.boot.autoconfigure.transaction.jta.JtaProperties': no URL paths identified
2017-07-15 21:14:43 - Rejected bean name 'org.springframework.boot.autoconfigure.jdbc.DataSourceConfiguration$Tomcat': no URL paths identified
2017-07-15 21:14:43 - Rejected bean name 'dataSource': no URL paths identified
2017-07-15 21:14:43 - Rejected bean name 'org.springframework.boot.autoconfigure.jdbc.DataSourceAutoConfiguration$PooledDataSourceConfiguration': no URL paths identified
2017-07-15 21:14:43 - Rejected bean name 'org.springframework.boot.autoconfigure.jdbc.metadata.DataSourcePoolMetadataProvidersConfiguration$TomcatDataSourcePoolMetadataProviderConfiguration': no URL paths identified
2017-07-15 21:14:43 - Rejected bean name 'tomcatPoolDataSourceMetadataProvider': no URL paths identified
2017-07-15 21:14:43 - Rejected bean name 'org.springframework.boot.autoconfigure.jdbc.metadata.DataSourcePoolMetadataProvidersConfiguration': no URL paths identified
2017-07-15 21:14:43 - Rejected bean name 'org.springframework.boot.autoconfigure.jdbc.DataSourceAutoConfiguration': no URL paths identified
2017-07-15 21:14:43 - Rejected bean name 'dataSourceInitializer': no URL paths identified
2017-07-15 21:14:43 - Rejected bean name 'spring.datasource-org.springframework.boot.autoconfigure.jdbc.DataSourceProperties': no URL paths identified
2017-07-15 21:14:43 - Rejected bean name 'dataSourceInitializerPostProcessor': no URL paths identified
2017-07-15 21:14:43 - Rejected bean name 'org.springframework.boot.autoconfigure.orm.jpa.JpaBaseConfiguration$JpaWebConfiguration$JpaWebMvcConfiguration': no URL paths identified
2017-07-15 21:14:43 - Rejected bean name 'openEntityManagerInViewInterceptor': no URL paths identified
2017-07-15 21:14:43 - Rejected bean name 'org.springframework.boot.autoconfigure.orm.jpa.JpaBaseConfiguration$JpaWebConfiguration': no URL paths identified
2017-07-15 21:14:43 - Rejected bean name 'org.springframework.boot.autoconfigure.orm.jpa.HibernateJpaAutoConfiguration': no URL paths identified
2017-07-15 21:14:43 - Rejected bean name 'transactionManager': no URL paths identified
2017-07-15 21:14:43 - Rejected bean name 'jpaVendorAdapter': no URL paths identified
2017-07-15 21:14:43 - Rejected bean name 'entityManagerFactoryBuilder': no URL paths identified
2017-07-15 21:14:43 - Rejected bean name 'entityManagerFactory': no URL paths identified
2017-07-15 21:14:43 - Rejected bean name 'spring.jpa-org.springframework.boot.autoconfigure.orm.jpa.JpaProperties': no URL paths identified
2017-07-15 21:14:43 - Rejected bean name 'dataSourceInitializedPublisher': no URL paths identified
2017-07-15 21:14:43 - Rejected bean name 'org.springframework.boot.autoconfigure.context.ConfigurationPropertiesAutoConfiguration': no URL paths identified
2017-07-15 21:14:43 - Rejected bean name 'org.springframework.boot.autoconfigure.dao.PersistenceExceptionTranslationAutoConfiguration': no URL paths identified
2017-07-15 21:14:43 - Rejected bean name 'persistenceExceptionTranslationPostProcessor': no URL paths identified
2017-07-15 21:14:43 - Rejected bean name 'org.springframework.boot.autoconfigure.data.jpa.JpaRepositoriesAutoConfiguration': no URL paths identified
2017-07-15 21:14:43 - Rejected bean name 'emBeanDefinitionRegistrarPostProcessor': no URL paths identified
2017-07-15 21:14:43 - Rejected bean name 'jpaMappingContext': no URL paths identified
2017-07-15 21:14:43 - Rejected bean name 'jpaContext': no URL paths identified
2017-07-15 21:14:43 - Rejected bean name 'appointmentRepository': no URL paths identified
2017-07-15 21:14:43 - Rejected bean name 'categoryRepository': no URL paths identified
2017-07-15 21:14:43 - Rejected bean name 'patientRepository': no URL paths identified
2017-07-15 21:14:43 - Rejected bean name 'doctorRepository': no URL paths identified
2017-07-15 21:14:43 - Rejected bean name 'org.springframework.boot.autoconfigure.gson.GsonAutoConfiguration': no URL paths identified
2017-07-15 21:14:43 - Rejected bean name 'gson': no URL paths identified
2017-07-15 21:14:43 - Rejected bean name 'org.springframework.boot.autoconfigure.web.HttpMessageConvertersAutoConfiguration$StringHttpMessageConverterConfiguration': no URL paths identified
2017-07-15 21:14:43 - Rejected bean name 'stringHttpMessageConverter': no URL paths identified
2017-07-15 21:14:43 - Rejected bean name 'spring.http.encoding-org.springframework.boot.autoconfigure.web.HttpEncodingProperties': no URL paths identified
2017-07-15 21:14:43 - Rejected bean name 'org.springframework.boot.autoconfigure.web.JacksonHttpMessageConvertersConfiguration$MappingJackson2HttpMessageConverterConfiguration': no URL paths identified
2017-07-15 21:14:43 - Rejected bean name 'mappingJackson2HttpMessageConverter': no URL paths identified
2017-07-15 21:14:43 - Rejected bean name 'org.springframework.boot.autoconfigure.web.JacksonHttpMessageConvertersConfiguration': no URL paths identified
2017-07-15 21:14:43 - Rejected bean name 'org.springframework.boot.autoconfigure.web.GsonHttpMessageConvertersConfiguration': no URL paths identified
2017-07-15 21:14:43 - Rejected bean name 'org.springframework.boot.autoconfigure.web.HttpMessageConvertersAutoConfiguration': no URL paths identified
2017-07-15 21:14:43 - Rejected bean name 'messageConverters': no URL paths identified
2017-07-15 21:14:43 - Rejected bean name 'org.springframework.hateoas.config.HateoasConfiguration': no URL paths identified
2017-07-15 21:14:43 - Rejected bean name 'linkRelationMessageSource': no URL paths identified
2017-07-15 21:14:43 - Rejected bean name 'org.springframework.data.web.config.SpringDataJacksonConfiguration': no URL paths identified
2017-07-15 21:14:43 - Rejected bean name 'jacksonGeoModule': no URL paths identified
2017-07-15 21:14:43 - Rejected bean name 'org.springframework.data.rest.webmvc.config.RepositoryRestMvcConfiguration': no URL paths identified
2017-07-15 21:14:43 - Rejected bean name 'repositories': no URL paths identified
2017-07-15 21:14:43 - Rejected bean name 'repositoryRelProvider': no URL paths identified
2017-07-15 21:14:43 - Rejected bean name 'persistentEntities': no URL paths identified
2017-07-15 21:14:43 - Rejected bean name 'defaultConversionService': no URL paths identified
2017-07-15 21:14:43 - Rejected bean name 'validatingRepositoryEventListener': no URL paths identified
2017-07-15 21:14:43 - Rejected bean name 'jpaHelper': no URL paths identified
2017-07-15 21:14:43 - Rejected bean name 'config': no URL paths identified
2017-07-15 21:14:43 - Rejected bean name 'projectionDefinitionRegistrar': no URL paths identified
2017-07-15 21:14:43 - Rejected bean name 'metadataConfiguration': no URL paths identified
2017-07-15 21:14:43 - Rejected bean name 'baseUri': no URL paths identified
2017-07-15 21:14:43 - Rejected bean name 'annotatedEventHandlerInvoker': no URL paths identified
2017-07-15 21:14:43 - Rejected bean name 'domainObjectMerger': no URL paths identified
2017-07-15 21:14:43 - Rejected bean name 'serverHttpRequestMethodArgumentResolver': no URL paths identified
2017-07-15 21:14:43 - Rejected bean name 'repoRequestArgumentResolver': no URL paths identified
2017-07-15 21:14:43 - Rejected bean name 'resourceMetadataHandlerMethodArgumentResolver': no URL paths identified
2017-07-15 21:14:43 - Rejected bean name 'backendIdHandlerMethodArgumentResolver': no URL paths identified
2017-07-15 21:14:43 - Rejected bean name 'eTagArgumentResolver': no URL paths identified
2017-07-15 21:14:43 - Rejected bean name 'entityLinks': no URL paths identified
2017-07-15 21:14:43 - Rejected bean name 'persistentEntityArgumentResolver': no URL paths identified
2017-07-15 21:14:43 - Rejected bean name 'jsonSchemaConverter': no URL paths identified
2017-07-15 21:14:43 - Rejected bean name 'resourceDescriptionMessageSourceAccessor': no URL paths identified
2017-07-15 21:14:43 - Rejected bean name 'objectMapper': no URL paths identified
2017-07-15 21:14:43 - Rejected bean name 'jacksonHttpMessageConverter': no URL paths identified
2017-07-15 21:14:43 - Rejected bean name 'halJacksonHttpMessageConverter': no URL paths identified
2017-07-15 21:14:43 - Rejected bean name 'halObjectMapper': no URL paths identified
2017-07-15 21:14:43 - Rejected bean name 'uriListHttpMessageConverter': no URL paths identified
2017-07-15 21:14:43 - Rejected bean name 'resourceProcessorInvoker': no URL paths identified
2017-07-15 21:14:43 - Rejected bean name 'repositoryExporterHandlerAdapter': no URL paths identified
2017-07-15 21:14:43 - Rejected bean name 'restHandlerMapping': no URL paths identified
2017-07-15 21:14:43 - Rejected bean name 'resourceMappings': no URL paths identified
2017-07-15 21:14:43 - Rejected bean name 'linkCollector': no URL paths identified
2017-07-15 21:14:43 - Rejected bean name 'excerptProjector': no URL paths identified
2017-07-15 21:14:43 - Rejected bean name 'repositoryRestExceptionHandler': no URL paths identified
2017-07-15 21:14:43 - Rejected bean name 'repositoryInvokerFactory': no URL paths identified
2017-07-15 21:14:43 - Rejected bean name 'defaultMessageConverters': no URL paths identified
2017-07-15 21:14:43 - Rejected bean name 'alpsJsonHttpMessageConverter': no URL paths identified
2017-07-15 21:14:43 - Rejected bean name 'pageableResolver': no URL paths identified
2017-07-15 21:14:43 - Rejected bean name 'sortResolver': no URL paths identified
2017-07-15 21:14:43 - Rejected bean name 'backendIdConverterRegistry': no URL paths identified
2017-07-15 21:14:43 - Rejected bean name 'auditableBeanWrapperFactory': no URL paths identified
2017-07-15 21:14:43 - Rejected bean name 'httpHeadersPreparer': no URL paths identified
2017-07-15 21:14:43 - Rejected bean name 'selfLinkProvider': no URL paths identified
2017-07-15 21:14:43 - Rejected bean name 'associationLinks': no URL paths identified
2017-07-15 21:14:43 - Rejected bean name 'enumTranslator': no URL paths identified
2017-07-15 21:14:43 - Rejected bean name 'alpsConverter': no URL paths identified
2017-07-15 21:14:43 - Rejected bean name 'profileResourceProcessor': no URL paths identified
2017-07-15 21:14:43 - Rejected bean name 'pagedResourcesAssembler': no URL paths identified
2017-07-15 21:14:43 - Rejected bean name 'pagedResourcesAssemblerArgumentResolver': no URL paths identified
2017-07-15 21:14:43 - Rejected bean name 'entityLinksPluginRegistry': no URL paths identified
2017-07-15 21:14:43 - Rejected bean name 'controllerEntityLinks': no URL paths identified
2017-07-15 21:14:43 - Rejected bean name 'delegatingEntityLinks': no URL paths identified
2017-07-15 21:14:43 - Rejected bean name '_halObjectMapper': no URL paths identified
2017-07-15 21:14:43 - Rejected bean name 'org.springframework.hateoas.config.HypermediaSupportBeanDefinitionRegistrar$DefaultObjectMapperCustomizer#0': no URL paths identified
2017-07-15 21:14:43 - Rejected bean name 'org.springframework.hateoas.config.HypermediaSupportBeanDefinitionRegistrar$Jackson2ModuleRegisteringBeanPostProcessor#0': no URL paths identified
2017-07-15 21:14:43 - Rejected bean name '_linkDiscovererRegistry': no URL paths identified
2017-07-15 21:14:43 - Rejected bean name 'org.springframework.hateoas.LinkDiscoverers#0': no URL paths identified
2017-07-15 21:14:43 - Rejected bean name 'defaultRelProvider': no URL paths identified
2017-07-15 21:14:43 - Rejected bean name 'annotationRelProvider': no URL paths identified
2017-07-15 21:14:43 - Rejected bean name 'relProviderPluginRegistry': no URL paths identified
2017-07-15 21:14:43 - Rejected bean name '_relProvider': no URL paths identified
2017-07-15 21:14:43 - Rejected bean name 'org.springframework.boot.autoconfigure.data.rest.RepositoryRestMvcAutoConfiguration': no URL paths identified
2017-07-15 21:14:43 - Rejected bean name 'springBootRepositoryRestConfigurer': no URL paths identified
2017-07-15 21:14:43 - Rejected bean name 'spring.data.rest-org.springframework.boot.autoconfigure.data.rest.RepositoryRestProperties': no URL paths identified
2017-07-15 21:14:43 - Rejected bean name 'org.springframework.boot.autoconfigure.hateoas.HypermediaHttpMessageConverterConfiguration': no URL paths identified
2017-07-15 21:14:43 - Rejected bean name 'halMessageConverterSupportedMediaTypeCustomizer': no URL paths identified
2017-07-15 21:14:43 - Rejected bean name 'org.springframework.boot.autoconfigure.hateoas.HypermediaAutoConfiguration': no URL paths identified
2017-07-15 21:14:43 - Rejected bean name 'spring.hateoas-org.springframework.boot.autoconfigure.hateoas.HateoasProperties': no URL paths identified
2017-07-15 21:14:43 - Rejected bean name 'org.springframework.boot.autoconfigure.info.ProjectInfoAutoConfiguration': no URL paths identified
2017-07-15 21:14:43 - Rejected bean name 'spring.info-org.springframework.boot.autoconfigure.info.ProjectInfoProperties': no URL paths identified
2017-07-15 21:14:43 - Rejected bean name 'org.springframework.boot.autoconfigure.jdbc.DataSourceTransactionManagerAutoConfiguration$DataSourceTransactionManagerConfiguration': no URL paths identified
2017-07-15 21:14:43 - Rejected bean name 'org.springframework.boot.autoconfigure.jdbc.DataSourceTransactionManagerAutoConfiguration': no URL paths identified
2017-07-15 21:14:43 - Rejected bean name 'org.springframework.boot.autoconfigure.jdbc.JdbcTemplateAutoConfiguration': no URL paths identified
2017-07-15 21:14:43 - Rejected bean name 'jdbcTemplate': no URL paths identified
2017-07-15 21:14:43 - Rejected bean name 'namedParameterJdbcTemplate': no URL paths identified
2017-07-15 21:14:43 - Rejected bean name 'org.springframework.transaction.annotation.ProxyTransactionManagementConfiguration': no URL paths identified
2017-07-15 21:14:43 - Rejected bean name 'org.springframework.transaction.config.internalTransactionAdvisor': no URL paths identified
2017-07-15 21:14:43 - Rejected bean name 'transactionAttributeSource': no URL paths identified
2017-07-15 21:14:43 - Rejected bean name 'transactionInterceptor': no URL paths identified
2017-07-15 21:14:43 - Rejected bean name 'org.springframework.transaction.config.internalTransactionalEventListenerFactory': no URL paths identified
2017-07-15 21:14:43 - Rejected bean name 'org.springframework.boot.autoconfigure.transaction.TransactionAutoConfiguration$EnableTransactionManagementConfiguration$CglibAutoProxyConfiguration': no URL paths identified
2017-07-15 21:14:43 - Rejected bean name 'org.springframework.boot.autoconfigure.transaction.TransactionAutoConfiguration$EnableTransactionManagementConfiguration': no URL paths identified
2017-07-15 21:14:43 - Rejected bean name 'org.springframework.boot.autoconfigure.transaction.TransactionAutoConfiguration$TransactionTemplateConfiguration': no URL paths identified
2017-07-15 21:14:43 - Rejected bean name 'transactionTemplate': no URL paths identified
2017-07-15 21:14:43 - Rejected bean name 'org.springframework.boot.autoconfigure.transaction.TransactionAutoConfiguration': no URL paths identified
2017-07-15 21:14:43 - Rejected bean name 'platformTransactionManagerCustomizers': no URL paths identified
2017-07-15 21:14:43 - Rejected bean name 'spring.transaction-org.springframework.boot.autoconfigure.transaction.TransactionProperties': no URL paths identified
2017-07-15 21:14:43 - Rejected bean name 'org.springframework.boot.autoconfigure.web.HttpEncodingAutoConfiguration': no URL paths identified
2017-07-15 21:14:43 - Rejected bean name 'characterEncodingFilter': no URL paths identified
2017-07-15 21:14:43 - Rejected bean name 'localeCharsetMappingsCustomizer': no URL paths identified
2017-07-15 21:14:43 - Rejected bean name 'org.springframework.boot.autoconfigure.web.MultipartAutoConfiguration': no URL paths identified
2017-07-15 21:14:43 - Rejected bean name 'multipartConfigElement': no URL paths identified
2017-07-15 21:14:43 - Rejected bean name 'multipartResolver': no URL paths identified
2017-07-15 21:14:43 - Rejected bean name 'spring.http.multipart-org.springframework.boot.autoconfigure.web.MultipartProperties': no URL paths identified
2017-07-15 21:14:43 - Rejected bean name 'org.springframework.boot.autoconfigure.web.ServerPropertiesAutoConfiguration': no URL paths identified
2017-07-15 21:14:43 - Rejected bean name 'serverProperties': no URL paths identified
2017-07-15 21:14:43 - Rejected bean name 'duplicateServerPropertiesDetector': no URL paths identified
2017-07-15 21:14:43 - Rejected bean name 'org.springframework.boot.autoconfigure.web.WebClientAutoConfiguration$RestTemplateConfiguration': no URL paths identified
2017-07-15 21:14:43 - Rejected bean name 'restTemplateBuilder': no URL paths identified
2017-07-15 21:14:43 - Rejected bean name 'org.springframework.boot.autoconfigure.web.WebClientAutoConfiguration': no URL paths identified
2017-07-15 21:14:43 - Rejected bean name 'org.springframework.orm.jpa.SharedEntityManagerCreator#0': no URL paths identified
2017-07-15 21:14:43 - Rejected bean name 'autoConfigurationReport': no URL paths identified
2017-07-15 21:14:43 - Rejected bean name 'springApplicationArguments': no URL paths identified
2017-07-15 21:14:43 - Rejected bean name 'springBootBanner': no URL paths identified
2017-07-15 21:14:43 - Rejected bean name 'springBootLoggingSystem': no URL paths identified
2017-07-15 21:14:43 - Rejected bean name 'environment': no URL paths identified
2017-07-15 21:14:43 - Rejected bean name 'systemProperties': no URL paths identified
2017-07-15 21:14:43 - Rejected bean name 'systemEnvironment': no URL paths identified
2017-07-15 21:14:43 - Rejected bean name 'org.springframework.context.annotation.ConfigurationClassPostProcessor.importRegistry': no URL paths identified
2017-07-15 21:14:43 - Rejected bean name 'messageSource': no URL paths identified
2017-07-15 21:14:43 - Rejected bean name 'applicationEventMulticaster': no URL paths identified
2017-07-15 21:14:43 - Rejected bean name 'servletContext': no URL paths identified
2017-07-15 21:14:43 - Rejected bean name 'contextParameters': no URL paths identified
2017-07-15 21:14:43 - Rejected bean name 'contextAttributes': no URL paths identified
2017-07-15 21:14:43 - Mapped URL path [/webjars/**] onto handler of type [class org.springframework.web.servlet.resource.ResourceHttpRequestHandler]
2017-07-15 21:14:43 - Mapped URL path [/**] onto handler of type [class org.springframework.web.servlet.resource.ResourceHttpRequestHandler]
2017-07-15 21:14:43 - Looking for exception mappings: org.springframework.boot.context.embedded.AnnotationConfigEmbeddedWebApplicationContext@7f010382: startup date [Sat Jul 15 21:14:35 IST 2017]; root of context hierarchy
2017-07-15 21:14:43 - Detected @ExceptionHandler methods in repositoryRestExceptionHandler
2017-07-15 21:14:43 - Mapped URL path [/**/favicon.ico] onto handler of type [class org.springframework.web.servlet.resource.ResourceHttpRequestHandler]
2017-07-15 21:14:43 - Looking for resource handler mappings
2017-07-15 21:14:43 - Found resource handler mapping: URL pattern="/**/favicon.ico", locations=[ServletContext resource [/], class path resource [META-INF/resources/], class path resource [resources/], class path resource [static/], class path resource [public/], class path resource []], resolvers=[org.springframework.web.servlet.resource.PathResourceResolver@3e2d44f3]
2017-07-15 21:14:43 - Found resource handler mapping: URL pattern="/webjars/**", locations=[class path resource [META-INF/resources/webjars/]], resolvers=[org.springframework.web.servlet.resource.PathResourceResolver@23afc725]
2017-07-15 21:14:43 - Found resource handler mapping: URL pattern="/**", locations=[ServletContext resource [/], class path resource [META-INF/resources/], class path resource [resources/], class path resource [static/], class path resource [public/]], resolvers=[org.springframework.web.servlet.resource.PathResourceResolver@5d3f99d7]
2017-07-15 21:14:44 - Adding [server.ports] PropertySource with highest search precedence
2017-07-15 21:14:44 - Starting the main run method...
2017-07-15 21:14:44 - Starting the main run method...
2017-07-15 21:14:44 - select nextval ('category_sequence')
2017-07-15 21:14:44 - select nextval ('category_sequence')
2017-07-15 21:14:44 - select nextval ('doctor_sequence')
2017-07-15 21:14:44 - select nextval ('doctor_sequence')
2017-07-15 21:14:44 - select nextval ('patient_sequence')
2017-07-15 21:14:44 - select nextval ('appointment_sequence')
2017-07-15 21:14:44 - insert into category (name, id) values (?, ?)
2017-07-15 21:14:44 - binding parameter [1] as [VARCHAR] - [dentist]
2017-07-15 21:14:44 - binding parameter [2] as [BIGINT] - [1]
2017-07-15 21:14:44 - insert into category (name, id) values (?, ?)
2017-07-15 21:14:44 - binding parameter [1] as [VARCHAR] - [root canal specialist]
2017-07-15 21:14:44 - binding parameter [2] as [BIGINT] - [2]
2017-07-15 21:14:44 - insert into doctor (email, fees, mobile, name, qualification, title, id) values (?, ?, ?, ?, ?, ?, ?)
2017-07-15 21:14:44 - binding parameter [1] as [VARCHAR] - [null]
2017-07-15 21:14:44 - binding parameter [2] as [FLOAT] - [0.0]
2017-07-15 21:14:44 - binding parameter [3] as [VARCHAR] - [null]
2017-07-15 21:14:44 - binding parameter [4] as [VARCHAR] - [Kumara]
2017-07-15 21:14:44 - binding parameter [5] as [VARCHAR] - [null]
2017-07-15 21:14:44 - binding parameter [7] as [BIGINT] - [1]
2017-07-15 21:14:44 - insert into doctor (email, fees, mobile, name, qualification, title, id) values (?, ?, ?, ?, ?, ?, ?)
2017-07-15 21:14:44 - binding parameter [1] as [VARCHAR] - [null]
2017-07-15 21:14:44 - binding parameter [2] as [FLOAT] - [0.0]
2017-07-15 21:14:44 - binding parameter [3] as [VARCHAR] - [null]
2017-07-15 21:14:44 - binding parameter [4] as [VARCHAR] - [Guru]
2017-07-15 21:14:44 - binding parameter [5] as [VARCHAR] - [null]
2017-07-15 21:14:44 - binding parameter [7] as [BIGINT] - [2]
2017-07-15 21:14:44 - insert into patient (occupation, address1, address2, age, allergies, birthday_wish, blood_group, city, dob, email, gender, label, landline, medical_alert, medical_history, mobile, name, need_welcome_message, pincode, profile_id, remainder, title, id) values (?, ?, ?, ?, ?, ?, ?, ?, ?, ?, ?, ?, ?, ?, ?, ?, ?, ?, ?, ?, ?, ?, ?)
2017-07-15 21:14:44 - binding parameter [1] as [VARCHAR] - [null]
2017-07-15 21:14:44 - binding parameter [2] as [VARCHAR] - [null]
2017-07-15 21:14:44 - binding parameter [3] as [VARCHAR] - [null]
2017-07-15 21:14:44 - binding parameter [4] as [INTEGER] - [0]
2017-07-15 21:14:44 - binding parameter [5] as [VARCHAR] - [null]
2017-07-15 21:14:44 - binding parameter [6] as [BOOLEAN] - [false]
2017-07-15 21:14:44 - binding parameter [8] as [VARCHAR] - [null]
2017-07-15 21:14:44 - binding parameter [9] as [DATE] - [1979-05-15]
2017-07-15 21:14:44 - binding parameter [10] as [VARCHAR] - [null]
2017-07-15 21:14:44 - binding parameter [12] as [VARCHAR] - [null]
2017-07-15 21:14:44 - binding parameter [13] as [VARCHAR] - [null]
2017-07-15 21:14:44 - binding parameter [14] as [VARCHAR] - [null]
2017-07-15 21:14:44 - binding parameter [15] as [VARCHAR] - [null]
2017-07-15 21:14:44 - binding parameter [16] as [VARCHAR] - [(+91)1234567890]
2017-07-15 21:14:44 - binding parameter [17] as [VARCHAR] - [Guru]
2017-07-15 21:14:44 - binding parameter [18] as [BOOLEAN] - [false]
2017-07-15 21:14:44 - binding parameter [19] as [VARCHAR] - [null]
2017-07-15 21:14:44 - binding parameter [20] as [VARCHAR] - [null]
2017-07-15 21:14:44 - binding parameter [23] as [BIGINT] - [1]
2017-07-15 21:14:44 - insert into appointment (doctor_id, patient_id, time, id) values (?, ?, ?, ?)
2017-07-15 21:14:44 - binding parameter [1] as [BIGINT] - [1]
2017-07-15 21:14:44 - binding parameter [2] as [BIGINT] - [1]
2017-07-15 21:14:44 - binding parameter [3] as [TIMESTAMP] - [2017-07-15 21:14:44.163]
2017-07-15 21:14:44 - binding parameter [4] as [BIGINT] - [1]
2017-07-15 21:14:44 - insert into doctor_category (category_id, doctor_id) values (?, ?)
2017-07-15 21:14:44 - binding parameter [1] as [BIGINT] - [1]
2017-07-15 21:14:44 - binding parameter [2] as [BIGINT] - [1]
2017-07-15 21:14:44 - insert into doctor_category (category_id, doctor_id) values (?, ?)
2017-07-15 21:14:44 - binding parameter [1] as [BIGINT] - [1]
2017-07-15 21:14:44 - binding parameter [2] as [BIGINT] - [2]
2017-07-15 21:14:44 - insert into doctor_category (category_id, doctor_id) values (?, ?)
2017-07-15 21:14:44 - binding parameter [1] as [BIGINT] - [2]
2017-07-15 21:14:44 - binding parameter [2] as [BIGINT] - [1]
2017-07-15 21:14:44 - insert into doctor_category (category_id, doctor_id) values (?, ?)
2017-07-15 21:14:44 - binding parameter [1] as [BIGINT] - [2]
2017-07-15 21:14:44 - binding parameter [2] as [BIGINT] - [2]
2017-07-15 21:14:44 - select doctor0_.id as id1_2_, doctor0_.email as email2_2_, doctor0_.fees as fees3_2_, doctor0_.mobile as mobile4_2_, doctor0_.name as name5_2_, doctor0_.qualification as qualific6_2_, doctor0_.title as title7_2_ from doctor doctor0_
2017-07-15 21:14:44 - extracted value ([id1_2_] : [BIGINT]) - [1]
2017-07-15 21:14:44 - extracted value ([id1_2_] : [BIGINT]) - [2]
2017-07-15 21:14:44 - [{"id":1,"name":"Kumara","title":"Dr","email":null,"qualification":null,"fees":0.0,"mobile":null,"categories":[{"id":1,"name":"dentist"},{"id":2,"name":"root canal specialist"}]},{"id":2,"name":"Guru","title":"Dr","email":null,"qualification":null,"fees":0.0,"mobile":null,"categories":[{"id":1,"name":"dentist"},{"id":2,"name":"root canal specialist"}]}]
2017-07-15 21:14:44 - [{"id":1,"name":"Kumara","title":"Dr","email":null,"qualification":null,"fees":0.0,"mobile":null,"categories":[{"id":1,"name":"dentist"},{"id":2,"name":"root canal specialist"}]},{"id":2,"name":"Guru","title":"Dr","email":null,"qualification":null,"fees":0.0,"mobile":null,"categories":[{"id":1,"name":"dentist"},{"id":2,"name":"root canal specialist"}]}]
2017-07-15 21:14:44 - Started DemoApplication in 9.669 seconds (JVM running for 10.822)
2017-07-15 21:14:44 - Started DemoApplication in 9.669 seconds (JVM running for 10.822)
2017-07-15 21:15:14 - Initializing servlet 'dispatcherServlet'
2017-07-15 21:15:14 - FrameworkServlet 'dispatcherServlet': initialization started
2017-07-15 21:15:14 - Using MultipartResolver [org.springframework.web.multipart.support.StandardServletMultipartResolver@2475fba3]
2017-07-15 21:15:14 - Unable to locate LocaleResolver with name 'localeResolver': using default [org.springframework.web.servlet.i18n.AcceptHeaderLocaleResolver@4b6c40a]
2017-07-15 21:15:14 - Unable to locate ThemeResolver with name 'themeResolver': using default [org.springframework.web.servlet.theme.FixedThemeResolver@6c0308c6]
2017-07-15 21:15:14 - Unable to locate RequestToViewNameTranslator with name 'viewNameTranslator': using default [org.springframework.web.servlet.view.DefaultRequestToViewNameTranslator@558ae27e]
2017-07-15 21:15:14 - Unable to locate FlashMapManager with name 'flashMapManager': using default [org.springframework.web.servlet.support.SessionFlashMapManager@192ce532]
2017-07-15 21:15:14 - Published WebApplicationContext of servlet 'dispatcherServlet' as ServletContext attribute with name [org.springframework.web.servlet.FrameworkServlet.CONTEXT.dispatcherServlet]
2017-07-15 21:15:14 - FrameworkServlet 'dispatcherServlet': initialization completed in 60 ms
2017-07-15 21:15:14 - Servlet 'dispatcherServlet' configured successfully
2017-07-15 21:15:14 - DispatcherServlet with name 'dispatcherServlet' processing GET request for [/intelhosp/doctor]
2017-07-15 21:15:14 - Looking up handler method for path /intelhosp/doctor
2017-07-15 21:15:14 - Did not find handler method for [/intelhosp/doctor]
2017-07-15 21:15:14 - Matching patterns for request [/intelhosp/doctor] are [/**]
2017-07-15 21:15:14 - URI Template variables for request [/intelhosp/doctor] are {}
2017-07-15 21:15:14 - Mapping [/intelhosp/doctor] to HandlerExecutionChain with handler [ResourceHttpRequestHandler [locations=[ServletContext resource [/], class path resource [META-INF/resources/], class path resource [resources/], class path resource [static/], class path resource [public/]], resolvers=[org.springframework.web.servlet.resource.PathResourceResolver@5d3f99d7]]] and 1 interceptor
2017-07-15 21:15:14 - Last-Modified value for [/intelhosp/doctor] is: -1
2017-07-15 21:15:14 - Null ModelAndView returned to DispatcherServlet with name 'dispatcherServlet': assuming HandlerAdapter completed request handling
2017-07-15 21:15:14 - Successfully completed request
2017-07-15 21:15:14 - DispatcherServlet with name 'dispatcherServlet' processing GET request for [/error]
2017-07-15 21:15:14 - Looking up handler method for path /error
2017-07-15 21:15:14 - Returning handler method [public org.springframework.http.ResponseEntity<java.util.Map<java.lang.String, java.lang.Object>> org.springframework.boot.autoconfigure.web.BasicErrorController.error(javax.servlet.http.HttpServletRequest)]
2017-07-15 21:15:14 - Last-Modified value for [/error] is: -1
2017-07-15 21:15:14 - Written [{timestamp=Sat Jul 15 21:15:14 IST 2017, status=404, error=Not Found, message=No message available, path=/intelhosp/doctor}] as "application/json" using [org.springframework.http.converter.json.MappingJackson2HttpMessageConverter@6c8f4bc7]
2017-07-15 21:15:14 - Null ModelAndView returned to DispatcherServlet with name 'dispatcherServlet': assuming HandlerAdapter completed request handling
2017-07-15 21:15:14 - Successfully completed request
2017-07-15 21:21:30 - DispatcherServlet with name 'dispatcherServlet' processing GET request for [/]
2017-07-15 21:21:30 - Looking up handler method for path /
2017-07-15 21:21:30 - Did not find handler method for [/]
2017-07-15 21:21:30 - Matching patterns for request [/] are [/**]
2017-07-15 21:21:30 - URI Template variables for request [/] are {}
2017-07-15 21:21:30 - Mapping [/] to HandlerExecutionChain with handler [ResourceHttpRequestHandler [locations=[ServletContext resource [/], class path resource [META-INF/resources/], class path resource [resources/], class path resource [static/], class path resource [public/]], resolvers=[org.springframework.web.servlet.resource.PathResourceResolver@5d3f99d7]]] and 1 interceptor
2017-07-15 21:21:30 - Last-Modified value for [/] is: -1
2017-07-15 21:21:30 - Null ModelAndView returned to DispatcherServlet with name 'dispatcherServlet': assuming HandlerAdapter completed request handling
2017-07-15 21:21:30 - Successfully completed request
2017-07-15 21:21:30 - DispatcherServlet with name 'dispatcherServlet' processing GET request for [/error]
2017-07-15 21:21:30 - Looking up handler method for path /error
2017-07-15 21:21:30 - Returning handler method [public org.springframework.web.servlet.ModelAndView org.springframework.boot.autoconfigure.web.BasicErrorController.errorHtml(javax.servlet.http.HttpServletRequest,javax.servlet.http.HttpServletResponse)]
2017-07-15 21:21:30 - Last-Modified value for [/error] is: -1
2017-07-15 21:21:30 - Requested media types are [text/html, text/html;q=0.8] based on Accept header types and producible media types [text/html])
2017-07-15 21:21:30 - Returning [org.springframework.boot.autoconfigure.web.ErrorMvcAutoConfiguration$SpelView@15369d73] based on requested media type 'text/html'
2017-07-15 21:21:30 - Rendering view [org.springframework.boot.autoconfigure.web.ErrorMvcAutoConfiguration$SpelView@15369d73] in DispatcherServlet with name 'dispatcherServlet'
2017-07-15 21:21:30 - Successfully completed request
2017-07-15 21:21:38 - DispatcherServlet with name 'dispatcherServlet' processing GET request for [/intelhosp]
2017-07-15 21:21:38 - Looking up handler method for path /intelhosp
2017-07-15 21:21:38 - Did not find handler method for [/intelhosp]
2017-07-15 21:21:38 - Matching patterns for request [/intelhosp] are [/**]
2017-07-15 21:21:38 - URI Template variables for request [/intelhosp] are {}
2017-07-15 21:21:38 - Mapping [/intelhosp] to HandlerExecutionChain with handler [ResourceHttpRequestHandler [locations=[ServletContext resource [/], class path resource [META-INF/resources/], class path resource [resources/], class path resource [static/], class path resource [public/]], resolvers=[org.springframework.web.servlet.resource.PathResourceResolver@5d3f99d7]]] and 1 interceptor
2017-07-15 21:21:38 - Last-Modified value for [/intelhosp] is: -1
2017-07-15 21:21:38 - Null ModelAndView returned to DispatcherServlet with name 'dispatcherServlet': assuming HandlerAdapter completed request handling
2017-07-15 21:21:38 - Successfully completed request
2017-07-15 21:21:38 - DispatcherServlet with name 'dispatcherServlet' processing GET request for [/error]
2017-07-15 21:21:38 - Looking up handler method for path /error
2017-07-15 21:21:38 - Returning handler method [public org.springframework.web.servlet.ModelAndView org.springframework.boot.autoconfigure.web.BasicErrorController.errorHtml(javax.servlet.http.HttpServletRequest,javax.servlet.http.HttpServletResponse)]
2017-07-15 21:21:38 - Last-Modified value for [/error] is: -1
2017-07-15 21:21:38 - Requested media types are [text/html, text/html;q=0.8] based on Accept header types and producible media types [text/html])
2017-07-15 21:21:38 - Returning [org.springframework.boot.autoconfigure.web.ErrorMvcAutoConfiguration$SpelView@15369d73] based on requested media type 'text/html'
2017-07-15 21:21:38 - Rendering view [org.springframework.boot.autoconfigure.web.ErrorMvcAutoConfiguration$SpelView@15369d73] in DispatcherServlet with name 'dispatcherServlet'
2017-07-15 21:21:38 - Successfully completed request
2017-07-15 21:21:44 - DispatcherServlet with name 'dispatcherServlet' processing GET request for [/intelhosp]
2017-07-15 21:21:44 - Looking up handler method for path /intelhosp
2017-07-15 21:21:44 - Did not find handler method for [/intelhosp]
2017-07-15 21:21:44 - Matching patterns for request [/intelhosp] are [/**]
2017-07-15 21:21:44 - URI Template variables for request [/intelhosp] are {}
2017-07-15 21:21:44 - Mapping [/intelhosp] to HandlerExecutionChain with handler [ResourceHttpRequestHandler [locations=[ServletContext resource [/], class path resource [META-INF/resources/], class path resource [resources/], class path resource [static/], class path resource [public/]], resolvers=[org.springframework.web.servlet.resource.PathResourceResolver@5d3f99d7]]] and 1 interceptor
2017-07-15 21:21:44 - Last-Modified value for [/intelhosp] is: -1
2017-07-15 21:21:44 - Null ModelAndView returned to DispatcherServlet with name 'dispatcherServlet': assuming HandlerAdapter completed request handling
2017-07-15 21:21:44 - Successfully completed request
2017-07-15 21:21:44 - DispatcherServlet with name 'dispatcherServlet' processing GET request for [/error]
2017-07-15 21:21:44 - Looking up handler method for path /error
2017-07-15 21:21:44 - Returning handler method [public org.springframework.http.ResponseEntity<java.util.Map<java.lang.String, java.lang.Object>> org.springframework.boot.autoconfigure.web.BasicErrorController.error(javax.servlet.http.HttpServletRequest)]
2017-07-15 21:21:44 - Last-Modified value for [/error] is: -1
2017-07-15 21:21:44 - Written [{timestamp=Sat Jul 15 21:21:44 IST 2017, status=404, error=Not Found, message=No message available, path=/intelhosp}] as "application/json" using [org.springframework.http.converter.json.MappingJackson2HttpMessageConverter@6c8f4bc7]
2017-07-15 21:21:44 - Null ModelAndView returned to DispatcherServlet with name 'dispatcherServlet': assuming HandlerAdapter completed request handling
2017-07-15 21:21:44 - Successfully completed request
2017-07-15 21:21:44 - DispatcherServlet with name 'dispatcherServlet' processing GET request for [/intelhosp]
2017-07-15 21:21:44 - Looking up handler method for path /intelhosp
2017-07-15 21:21:44 - Did not find handler method for [/intelhosp]
2017-07-15 21:21:44 - Matching patterns for request [/intelhosp] are [/**]
2017-07-15 21:21:44 - URI Template variables for request [/intelhosp] are {}
2017-07-15 21:21:44 - Mapping [/intelhosp] to HandlerExecutionChain with handler [ResourceHttpRequestHandler [locations=[ServletContext resource [/], class path resource [META-INF/resources/], class path resource [resources/], class path resource [static/], class path resource [public/]], resolvers=[org.springframework.web.servlet.resource.PathResourceResolver@5d3f99d7]]] and 1 interceptor
2017-07-15 21:21:44 - Last-Modified value for [/intelhosp] is: -1
2017-07-15 21:21:44 - Null ModelAndView returned to DispatcherServlet with name 'dispatcherServlet': assuming HandlerAdapter completed request handling
2017-07-15 21:21:44 - Successfully completed request
2017-07-15 21:21:44 - DispatcherServlet with name 'dispatcherServlet' processing GET request for [/error]
2017-07-15 21:21:44 - Looking up handler method for path /error
2017-07-15 21:21:44 - Returning handler method [public org.springframework.http.ResponseEntity<java.util.Map<java.lang.String, java.lang.Object>> org.springframework.boot.autoconfigure.web.BasicErrorController.error(javax.servlet.http.HttpServletRequest)]
2017-07-15 21:21:44 - Last-Modified value for [/error] is: -1
2017-07-15 21:21:44 - Written [{timestamp=Sat Jul 15 21:21:44 IST 2017, status=404, error=Not Found, message=No message available, path=/intelhosp}] as "application/json" using [org.springframework.http.converter.json.MappingJackson2HttpMessageConverter@6c8f4bc7]
2017-07-15 21:21:44 - Null ModelAndView returned to DispatcherServlet with name 'dispatcherServlet': assuming HandlerAdapter completed request handling
2017-07-15 21:21:44 - Successfully completed request
2017-07-15 21:21:51 - DispatcherServlet with name 'dispatcherServlet' processing GET request for [/intelhosp/]
2017-07-15 21:21:51 - Looking up handler method for path /intelhosp/
2017-07-15 21:21:51 - Did not find handler method for [/intelhosp/]
2017-07-15 21:21:51 - Matching patterns for request [/intelhosp/] are [/**]
2017-07-15 21:21:51 - URI Template variables for request [/intelhosp/] are {}
2017-07-15 21:21:51 - Mapping [/intelhosp/] to HandlerExecutionChain with handler [ResourceHttpRequestHandler [locations=[ServletContext resource [/], class path resource [META-INF/resources/], class path resource [resources/], class path resource [static/], class path resource [public/]], resolvers=[org.springframework.web.servlet.resource.PathResourceResolver@5d3f99d7]]] and 1 interceptor
2017-07-15 21:21:51 - Last-Modified value for [/intelhosp/] is: -1
2017-07-15 21:21:51 - Null ModelAndView returned to DispatcherServlet with name 'dispatcherServlet': assuming HandlerAdapter completed request handling
2017-07-15 21:21:51 - Successfully completed request
2017-07-15 21:21:51 - DispatcherServlet with name 'dispatcherServlet' processing GET request for [/error]
2017-07-15 21:21:51 - Looking up handler method for path /error
2017-07-15 21:21:51 - Returning handler method [public org.springframework.http.ResponseEntity<java.util.Map<java.lang.String, java.lang.Object>> org.springframework.boot.autoconfigure.web.BasicErrorController.error(javax.servlet.http.HttpServletRequest)]
2017-07-15 21:21:51 - Last-Modified value for [/error] is: -1
2017-07-15 21:21:51 - Written [{timestamp=Sat Jul 15 21:21:51 IST 2017, status=404, error=Not Found, message=No message available, path=/intelhosp/}] as "application/json" using [org.springframework.http.converter.json.MappingJackson2HttpMessageConverter@6c8f4bc7]
2017-07-15 21:21:51 - Null ModelAndView returned to DispatcherServlet with name 'dispatcherServlet': assuming HandlerAdapter completed request handling
2017-07-15 21:21:51 - Successfully completed request
2017-07-15 21:21:51 - DispatcherServlet with name 'dispatcherServlet' processing GET request for [/intelhosp/]
2017-07-15 21:21:51 - Looking up handler method for path /intelhosp/
2017-07-15 21:21:51 - Did not find handler method for [/intelhosp/]
2017-07-15 21:21:51 - Matching patterns for request [/intelhosp/] are [/**]
2017-07-15 21:21:51 - URI Template variables for request [/intelhosp/] are {}
2017-07-15 21:21:51 - Mapping [/intelhosp/] to HandlerExecutionChain with handler [ResourceHttpRequestHandler [locations=[ServletContext resource [/], class path resource [META-INF/resources/], class path resource [resources/], class path resource [static/], class path resource [public/]], resolvers=[org.springframework.web.servlet.resource.PathResourceResolver@5d3f99d7]]] and 1 interceptor
2017-07-15 21:21:51 - Last-Modified value for [/intelhosp/] is: -1
2017-07-15 21:21:51 - Null ModelAndView returned to DispatcherServlet with name 'dispatcherServlet': assuming HandlerAdapter completed request handling
2017-07-15 21:21:51 - Successfully completed request
2017-07-15 21:21:51 - DispatcherServlet with name 'dispatcherServlet' processing GET request for [/error]
2017-07-15 21:21:51 - Looking up handler method for path /error
2017-07-15 21:21:51 - Returning handler method [public org.springframework.http.ResponseEntity<java.util.Map<java.lang.String, java.lang.Object>> org.springframework.boot.autoconfigure.web.BasicErrorController.error(javax.servlet.http.HttpServletRequest)]
2017-07-15 21:21:51 - Last-Modified value for [/error] is: -1
2017-07-15 21:21:51 - Written [{timestamp=Sat Jul 15 21:21:51 IST 2017, status=404, error=Not Found, message=No message available, path=/intelhosp/}] as "application/json" using [org.springframework.http.converter.json.MappingJackson2HttpMessageConverter@6c8f4bc7]
2017-07-15 21:21:51 - Null ModelAndView returned to DispatcherServlet with name 'dispatcherServlet': assuming HandlerAdapter completed request handling
2017-07-15 21:21:51 - Successfully completed request
2017-07-15 21:22:26 - DispatcherServlet with name 'dispatcherServlet' processing GET request for [/api]
2017-07-15 21:22:26 - Looking up handler method for path /api
2017-07-15 21:22:26 - Did not find handler method for [/api]
2017-07-15 21:22:26 - Last-Modified value for [/api] is: -1
2017-07-15 21:22:26 - DispatcherServlet with name 'dispatcherServlet' processing GET request for [/api]
2017-07-15 21:22:26 - Looking up handler method for path /api
2017-07-15 21:22:26 - Did not find handler method for [/api]
2017-07-15 21:22:26 - Last-Modified value for [/api] is: -1
2017-07-15 21:22:26 - Written [links: [<http://localhost:8080/api/doctors>;rel="doctors", <http://localhost:8080/api/appointments{?page,size,sort}>;rel="appointments", <http://localhost:8080/api/categories>;rel="categories", <http://localhost:8080/api/patients{?page,size,sort}>;rel="patients", <http://localhost:8080/api/profile>;rel="profile"]] as "application/hal+json" using [org.springframework.data.rest.webmvc.config.RepositoryRestMvcConfiguration$ResourceSupportHttpMessageConverter@401317a0]
2017-07-15 21:22:26 - Written [links: [<http://localhost:8080/api/doctors>;rel="doctors", <http://localhost:8080/api/appointments{?page,size,sort}>;rel="appointments", <http://localhost:8080/api/categories>;rel="categories", <http://localhost:8080/api/patients{?page,size,sort}>;rel="patients", <http://localhost:8080/api/profile>;rel="profile"]] as "application/hal+json" using [org.springframework.data.rest.webmvc.config.RepositoryRestMvcConfiguration$ResourceSupportHttpMessageConverter@401317a0]
2017-07-15 21:22:26 - Null ModelAndView returned to DispatcherServlet with name 'dispatcherServlet': assuming HandlerAdapter completed request handling
2017-07-15 21:22:26 - Null ModelAndView returned to DispatcherServlet with name 'dispatcherServlet': assuming HandlerAdapter completed request handling
2017-07-15 21:22:26 - Successfully completed request
2017-07-15 21:22:26 - Successfully completed request
2017-07-15 21:23:13 - DispatcherServlet with name 'dispatcherServlet' processing GET request for [/api/doctors]
2017-07-15 21:23:13 - Looking up handler method for path /api/doctors
2017-07-15 21:23:13 - Did not find handler method for [/api/doctors]
2017-07-15 21:23:13 - Last-Modified value for [/api/doctors] is: -1
2017-07-15 21:23:13 - DispatcherServlet with name 'dispatcherServlet' processing GET request for [/api/doctors]
2017-07-15 21:23:13 - Looking up handler method for path /api/doctors
2017-07-15 21:23:13 - Did not find handler method for [/api/doctors]
2017-07-15 21:23:13 - Last-Modified value for [/api/doctors] is: -1
2017-07-15 21:23:13 - select doctor0_.id as id1_2_, doctor0_.email as email2_2_, doctor0_.fees as fees3_2_, doctor0_.mobile as mobile4_2_, doctor0_.name as name5_2_, doctor0_.qualification as qualific6_2_, doctor0_.title as title7_2_ from doctor doctor0_
2017-07-15 21:23:13 - select doctor0_.id as id1_2_, doctor0_.email as email2_2_, doctor0_.fees as fees3_2_, doctor0_.mobile as mobile4_2_, doctor0_.name as name5_2_, doctor0_.qualification as qualific6_2_, doctor0_.title as title7_2_ from doctor doctor0_
2017-07-15 21:23:13 - extracted value ([id1_2_] : [BIGINT]) - [1]
2017-07-15 21:23:13 - extracted value ([email2_2_] : [VARCHAR]) - [null]
2017-07-15 21:23:13 - extracted value ([fees3_2_] : [FLOAT]) - [0.0]
2017-07-15 21:23:13 - extracted value ([mobile4_2_] : [VARCHAR]) - [null]
2017-07-15 21:23:13 - extracted value ([name5_2_] : [VARCHAR]) - [Kumara]
2017-07-15 21:23:13 - extracted value ([qualific6_2_] : [VARCHAR]) - [null]
2017-07-15 21:23:13 - extracted value ([id1_2_] : [BIGINT]) - [2]
2017-07-15 21:23:13 - extracted value ([email2_2_] : [VARCHAR]) - [null]
2017-07-15 21:23:13 - extracted value ([fees3_2_] : [FLOAT]) - [0.0]
2017-07-15 21:23:13 - extracted value ([mobile4_2_] : [VARCHAR]) - [null]
2017-07-15 21:23:13 - extracted value ([name5_2_] : [VARCHAR]) - [Guru]
2017-07-15 21:23:13 - extracted value ([qualific6_2_] : [VARCHAR]) - [null]
2017-07-15 21:23:13 - select appointmen0_.id as id1_0_2_, appointmen0_.doctor_id as doctor_i3_0_2_, appointmen0_.patient_id as patient_4_0_2_, appointmen0_.time as time2_0_2_, doctor1_.id as id1_2_0_, doctor1_.email as email2_2_0_, doctor1_.fees as fees3_2_0_, doctor1_.mobile as mobile4_2_0_, doctor1_.name as name5_2_0_, doctor1_.qualification as qualific6_2_0_, doctor1_.title as title7_2_0_, patient2_.id as id1_4_1_, patient2_.occupation as occupati2_4_1_, patient2_.address1 as address3_4_1_, patient2_.address2 as address4_4_1_, patient2_.age as age5_4_1_, patient2_.allergies as allergie6_4_1_, patient2_.birthday_wish as birthday7_4_1_, patient2_.blood_group as blood_gr8_4_1_, patient2_.city as city9_4_1_, patient2_.dob as dob10_4_1_, patient2_.email as email11_4_1_, patient2_.gender as gender12_4_1_, patient2_.label as label13_4_1_, patient2_.landline as landlin14_4_1_, patient2_.medical_alert as medical15_4_1_, patient2_.medical_history as medical16_4_1_, patient2_.mobile as mobile17_4_1_, patient2_.name as name18_4_1_, patient2_.need_welcome_message as need_we19_4_1_, patient2_.pincode as pincode20_4_1_, patient2_.profile_id as profile21_4_1_, patient2_.remainder as remaind22_4_1_, patient2_.title as title23_4_1_ from appointment appointmen0_ left outer join doctor doctor1_ on appointmen0_.doctor_id=doctor1_.id left outer join patient patient2_ on appointmen0_.patient_id=patient2_.id where appointmen0_.doctor_id=?
2017-07-15 21:23:13 - binding parameter [1] as [BIGINT] - [1]
2017-07-15 21:23:13 - extracted value ([id1_2_] : [BIGINT]) - [1]
2017-07-15 21:23:13 - extracted value ([email2_2_] : [VARCHAR]) - [null]
2017-07-15 21:23:13 - extracted value ([fees3_2_] : [FLOAT]) - [0.0]
2017-07-15 21:23:13 - extracted value ([mobile4_2_] : [VARCHAR]) - [null]
2017-07-15 21:23:13 - extracted value ([name5_2_] : [VARCHAR]) - [Kumara]
2017-07-15 21:23:13 - extracted value ([qualific6_2_] : [VARCHAR]) - [null]
2017-07-15 21:23:13 - extracted value ([id1_2_] : [BIGINT]) - [2]
2017-07-15 21:23:13 - extracted value ([email2_2_] : [VARCHAR]) - [null]
2017-07-15 21:23:13 - extracted value ([fees3_2_] : [FLOAT]) - [0.0]
2017-07-15 21:23:13 - extracted value ([id1_2_0_] : [BIGINT]) - [1]
2017-07-15 21:23:13 - extracted value ([mobile4_2_] : [VARCHAR]) - [null]
2017-07-15 21:23:13 - extracted value ([id1_4_1_] : [BIGINT]) - [1]
2017-07-15 21:23:13 - extracted value ([name5_2_] : [VARCHAR]) - [Guru]
2017-07-15 21:23:13 - extracted value ([id1_0_2_] : [BIGINT]) - [1]
2017-07-15 21:23:13 - extracted value ([qualific6_2_] : [VARCHAR]) - [null]
2017-07-15 21:23:13 - extracted value ([occupati2_4_1_] : [VARCHAR]) - [null]
2017-07-15 21:23:13 - extracted value ([address3_4_1_] : [VARCHAR]) - [null]
2017-07-15 21:23:13 - extracted value ([address4_4_1_] : [VARCHAR]) - [null]
2017-07-15 21:23:13 - select appointmen0_.id as id1_0_2_, appointmen0_.doctor_id as doctor_i3_0_2_, appointmen0_.patient_id as patient_4_0_2_, appointmen0_.time as time2_0_2_, doctor1_.id as id1_2_0_, doctor1_.email as email2_2_0_, doctor1_.fees as fees3_2_0_, doctor1_.mobile as mobile4_2_0_, doctor1_.name as name5_2_0_, doctor1_.qualification as qualific6_2_0_, doctor1_.title as title7_2_0_, patient2_.id as id1_4_1_, patient2_.occupation as occupati2_4_1_, patient2_.address1 as address3_4_1_, patient2_.address2 as address4_4_1_, patient2_.age as age5_4_1_, patient2_.allergies as allergie6_4_1_, patient2_.birthday_wish as birthday7_4_1_, patient2_.blood_group as blood_gr8_4_1_, patient2_.city as city9_4_1_, patient2_.dob as dob10_4_1_, patient2_.email as email11_4_1_, patient2_.gender as gender12_4_1_, patient2_.label as label13_4_1_, patient2_.landline as landlin14_4_1_, patient2_.medical_alert as medical15_4_1_, patient2_.medical_history as medical16_4_1_, patient2_.mobile as mobile17_4_1_, patient2_.name as name18_4_1_, patient2_.need_welcome_message as need_we19_4_1_, patient2_.pincode as pincode20_4_1_, patient2_.profile_id as profile21_4_1_, patient2_.remainder as remaind22_4_1_, patient2_.title as title23_4_1_ from appointment appointmen0_ left outer join doctor doctor1_ on appointmen0_.doctor_id=doctor1_.id left outer join patient patient2_ on appointmen0_.patient_id=patient2_.id where appointmen0_.doctor_id=?
2017-07-15 21:23:13 - extracted value ([age5_4_1_] : [INTEGER]) - [0]
2017-07-15 21:23:13 - binding parameter [1] as [BIGINT] - [1]
2017-07-15 21:23:13 - extracted value ([allergie6_4_1_] : [VARCHAR]) - [null]
2017-07-15 21:23:13 - extracted value ([birthday7_4_1_] : [BOOLEAN]) - [false]
2017-07-15 21:23:13 - extracted value ([city9_4_1_] : [VARCHAR]) - [null]
2017-07-15 21:23:13 - extracted value ([dob10_4_1_] : [DATE]) - [1979-05-15]
2017-07-15 21:23:13 - extracted value ([email11_4_1_] : [VARCHAR]) - [null]
2017-07-15 21:23:13 - extracted value ([label13_4_1_] : [VARCHAR]) - [null]
2017-07-15 21:23:13 - extracted value ([landlin14_4_1_] : [VARCHAR]) - [null]
2017-07-15 21:23:13 - extracted value ([medical15_4_1_] : [VARCHAR]) - [null]
2017-07-15 21:23:13 - extracted value ([medical16_4_1_] : [VARCHAR]) - [null]
2017-07-15 21:23:13 - extracted value ([mobile17_4_1_] : [VARCHAR]) - [(+91)1234567890]
2017-07-15 21:23:13 - extracted value ([name18_4_1_] : [VARCHAR]) - [Guru]
2017-07-15 21:23:13 - extracted value ([need_we19_4_1_] : [BOOLEAN]) - [false]
2017-07-15 21:23:13 - extracted value ([pincode20_4_1_] : [VARCHAR]) - [null]
2017-07-15 21:23:13 - extracted value ([profile21_4_1_] : [VARCHAR]) - [null]
2017-07-15 21:23:13 - extracted value ([doctor_i3_0_2_] : [BIGINT]) - [1]
2017-07-15 21:23:13 - extracted value ([patient_4_0_2_] : [BIGINT]) - [1]
2017-07-15 21:23:13 - extracted value ([time2_0_2_] : [TIMESTAMP]) - [2017-07-15 21:14:44.163]
2017-07-15 21:23:13 - select appointmen0_.id as id1_0_2_, appointmen0_.doctor_id as doctor_i3_0_2_, appointmen0_.patient_id as patient_4_0_2_, appointmen0_.time as time2_0_2_, doctor1_.id as id1_2_0_, doctor1_.email as email2_2_0_, doctor1_.fees as fees3_2_0_, doctor1_.mobile as mobile4_2_0_, doctor1_.name as name5_2_0_, doctor1_.qualification as qualific6_2_0_, doctor1_.title as title7_2_0_, patient2_.id as id1_4_1_, patient2_.occupation as occupati2_4_1_, patient2_.address1 as address3_4_1_, patient2_.address2 as address4_4_1_, patient2_.age as age5_4_1_, patient2_.allergies as allergie6_4_1_, patient2_.birthday_wish as birthday7_4_1_, patient2_.blood_group as blood_gr8_4_1_, patient2_.city as city9_4_1_, patient2_.dob as dob10_4_1_, patient2_.email as email11_4_1_, patient2_.gender as gender12_4_1_, patient2_.label as label13_4_1_, patient2_.landline as landlin14_4_1_, patient2_.medical_alert as medical15_4_1_, patient2_.medical_history as medical16_4_1_, patient2_.mobile as mobile17_4_1_, patient2_.name as name18_4_1_, patient2_.need_welcome_message as need_we19_4_1_, patient2_.pincode as pincode20_4_1_, patient2_.profile_id as profile21_4_1_, patient2_.remainder as remaind22_4_1_, patient2_.title as title23_4_1_ from appointment appointmen0_ left outer join doctor doctor1_ on appointmen0_.doctor_id=doctor1_.id left outer join patient patient2_ on appointmen0_.patient_id=patient2_.id where appointmen0_.patient_id=?
2017-07-15 21:23:13 - binding parameter [1] as [BIGINT] - [1]
2017-07-15 21:23:13 - extracted value ([id1_2_0_] : [BIGINT]) - [1]
2017-07-15 21:23:13 - extracted value ([id1_4_1_] : [BIGINT]) - [1]
2017-07-15 21:23:13 - extracted value ([id1_0_2_] : [BIGINT]) - [1]
2017-07-15 21:23:13 - select appointmen0_.id as id1_0_2_, appointmen0_.doctor_id as doctor_i3_0_2_, appointmen0_.patient_id as patient_4_0_2_, appointmen0_.time as time2_0_2_, doctor1_.id as id1_2_0_, doctor1_.email as email2_2_0_, doctor1_.fees as fees3_2_0_, doctor1_.mobile as mobile4_2_0_, doctor1_.name as name5_2_0_, doctor1_.qualification as qualific6_2_0_, doctor1_.title as title7_2_0_, patient2_.id as id1_4_1_, patient2_.occupation as occupati2_4_1_, patient2_.address1 as address3_4_1_, patient2_.address2 as address4_4_1_, patient2_.age as age5_4_1_, patient2_.allergies as allergie6_4_1_, patient2_.birthday_wish as birthday7_4_1_, patient2_.blood_group as blood_gr8_4_1_, patient2_.city as city9_4_1_, patient2_.dob as dob10_4_1_, patient2_.email as email11_4_1_, patient2_.gender as gender12_4_1_, patient2_.label as label13_4_1_, patient2_.landline as landlin14_4_1_, patient2_.medical_alert as medical15_4_1_, patient2_.medical_history as medical16_4_1_, patient2_.mobile as mobile17_4_1_, patient2_.name as name18_4_1_, patient2_.need_welcome_message as need_we19_4_1_, patient2_.pincode as pincode20_4_1_, patient2_.profile_id as profile21_4_1_, patient2_.remainder as remaind22_4_1_, patient2_.title as title23_4_1_ from appointment appointmen0_ left outer join doctor doctor1_ on appointmen0_.doctor_id=doctor1_.id left outer join patient patient2_ on appointmen0_.patient_id=patient2_.id where appointmen0_.doctor_id=?
2017-07-15 21:23:13 - binding parameter [1] as [BIGINT] - [2]
2017-07-15 21:23:13 - extracted value ([id1_2_0_] : [BIGINT]) - [1]
2017-07-15 21:23:13 - extracted value ([id1_4_1_] : [BIGINT]) - [1]
2017-07-15 21:23:13 - extracted value ([id1_0_2_] : [BIGINT]) - [1]
2017-07-15 21:23:13 - extracted value ([occupati2_4_1_] : [VARCHAR]) - [null]
2017-07-15 21:23:13 - extracted value ([address3_4_1_] : [VARCHAR]) - [null]
2017-07-15 21:23:13 - extracted value ([address4_4_1_] : [VARCHAR]) - [null]
2017-07-15 21:23:13 - extracted value ([age5_4_1_] : [INTEGER]) - [0]
2017-07-15 21:23:13 - extracted value ([allergie6_4_1_] : [VARCHAR]) - [null]
2017-07-15 21:23:13 - extracted value ([birthday7_4_1_] : [BOOLEAN]) - [false]
2017-07-15 21:23:13 - extracted value ([city9_4_1_] : [VARCHAR]) - [null]
2017-07-15 21:23:13 - extracted value ([dob10_4_1_] : [DATE]) - [1979-05-15]
2017-07-15 21:23:13 - extracted value ([email11_4_1_] : [VARCHAR]) - [null]
2017-07-15 21:23:13 - extracted value ([label13_4_1_] : [VARCHAR]) - [null]
2017-07-15 21:23:13 - extracted value ([landlin14_4_1_] : [VARCHAR]) - [null]
2017-07-15 21:23:13 - extracted value ([medical15_4_1_] : [VARCHAR]) - [null]
2017-07-15 21:23:13 - extracted value ([medical16_4_1_] : [VARCHAR]) - [null]
2017-07-15 21:23:13 - extracted value ([mobile17_4_1_] : [VARCHAR]) - [(+91)1234567890]
2017-07-15 21:23:13 - extracted value ([name18_4_1_] : [VARCHAR]) - [Guru]
2017-07-15 21:23:13 - extracted value ([need_we19_4_1_] : [BOOLEAN]) - [false]
2017-07-15 21:23:13 - extracted value ([pincode20_4_1_] : [VARCHAR]) - [null]
2017-07-15 21:23:13 - extracted value ([profile21_4_1_] : [VARCHAR]) - [null]
2017-07-15 21:23:13 - extracted value ([doctor_i3_0_2_] : [BIGINT]) - [1]
2017-07-15 21:23:13 - extracted value ([patient_4_0_2_] : [BIGINT]) - [1]
2017-07-15 21:23:13 - extracted value ([time2_0_2_] : [TIMESTAMP]) - [2017-07-15 21:14:44.163]
2017-07-15 21:23:13 - select appointmen0_.id as id1_0_2_, appointmen0_.doctor_id as doctor_i3_0_2_, appointmen0_.patient_id as patient_4_0_2_, appointmen0_.time as time2_0_2_, doctor1_.id as id1_2_0_, doctor1_.email as email2_2_0_, doctor1_.fees as fees3_2_0_, doctor1_.mobile as mobile4_2_0_, doctor1_.name as name5_2_0_, doctor1_.qualification as qualific6_2_0_, doctor1_.title as title7_2_0_, patient2_.id as id1_4_1_, patient2_.occupation as occupati2_4_1_, patient2_.address1 as address3_4_1_, patient2_.address2 as address4_4_1_, patient2_.age as age5_4_1_, patient2_.allergies as allergie6_4_1_, patient2_.birthday_wish as birthday7_4_1_, patient2_.blood_group as blood_gr8_4_1_, patient2_.city as city9_4_1_, patient2_.dob as dob10_4_1_, patient2_.email as email11_4_1_, patient2_.gender as gender12_4_1_, patient2_.label as label13_4_1_, patient2_.landline as landlin14_4_1_, patient2_.medical_alert as medical15_4_1_, patient2_.medical_history as medical16_4_1_, patient2_.mobile as mobile17_4_1_, patient2_.name as name18_4_1_, patient2_.need_welcome_message as need_we19_4_1_, patient2_.pincode as pincode20_4_1_, patient2_.profile_id as profile21_4_1_, patient2_.remainder as remaind22_4_1_, patient2_.title as title23_4_1_ from appointment appointmen0_ left outer join doctor doctor1_ on appointmen0_.doctor_id=doctor1_.id left outer join patient patient2_ on appointmen0_.patient_id=patient2_.id where appointmen0_.patient_id=?
2017-07-15 21:23:13 - binding parameter [1] as [BIGINT] - [1]
2017-07-15 21:23:13 - extracted value ([id1_2_0_] : [BIGINT]) - [1]
2017-07-15 21:23:13 - extracted value ([id1_4_1_] : [BIGINT]) - [1]
2017-07-15 21:23:13 - extracted value ([id1_0_2_] : [BIGINT]) - [1]
2017-07-15 21:23:13 - select appointmen0_.id as id1_0_2_, appointmen0_.doctor_id as doctor_i3_0_2_, appointmen0_.patient_id as patient_4_0_2_, appointmen0_.time as time2_0_2_, doctor1_.id as id1_2_0_, doctor1_.email as email2_2_0_, doctor1_.fees as fees3_2_0_, doctor1_.mobile as mobile4_2_0_, doctor1_.name as name5_2_0_, doctor1_.qualification as qualific6_2_0_, doctor1_.title as title7_2_0_, patient2_.id as id1_4_1_, patient2_.occupation as occupati2_4_1_, patient2_.address1 as address3_4_1_, patient2_.address2 as address4_4_1_, patient2_.age as age5_4_1_, patient2_.allergies as allergie6_4_1_, patient2_.birthday_wish as birthday7_4_1_, patient2_.blood_group as blood_gr8_4_1_, patient2_.city as city9_4_1_, patient2_.dob as dob10_4_1_, patient2_.email as email11_4_1_, patient2_.gender as gender12_4_1_, patient2_.label as label13_4_1_, patient2_.landline as landlin14_4_1_, patient2_.medical_alert as medical15_4_1_, patient2_.medical_history as medical16_4_1_, patient2_.mobile as mobile17_4_1_, patient2_.name as name18_4_1_, patient2_.need_welcome_message as need_we19_4_1_, patient2_.pincode as pincode20_4_1_, patient2_.profile_id as profile21_4_1_, patient2_.remainder as remaind22_4_1_, patient2_.title as title23_4_1_ from appointment appointmen0_ left outer join doctor doctor1_ on appointmen0_.doctor_id=doctor1_.id left outer join patient patient2_ on appointmen0_.patient_id=patient2_.id where appointmen0_.doctor_id=?
2017-07-15 21:23:13 - binding parameter [1] as [BIGINT] - [2]
2017-07-15 21:23:13 - Written [Resources { content: [Resource { content: com.example.demo.domain.Doctor@1995b409, links: [<http://localhost:8080/api/doctors/1>;rel="self", <http://localhost:8080/api/doctors/1>;rel="doctor"] }, Resource { content: com.example.demo.domain.Doctor@204693ac, links: [<http://localhost:8080/api/doctors/2>;rel="self", <http://localhost:8080/api/doctors/2>;rel="doctor"] }], links: [<http://localhost:8080/api/doctors>;rel="self", <http://localhost:8080/api/profile/doctors>;rel="profile"] }] as "application/hal+json" using [org.springframework.data.rest.webmvc.config.RepositoryRestMvcConfiguration$ResourceSupportHttpMessageConverter@401317a0]
2017-07-15 21:23:13 - Null ModelAndView returned to DispatcherServlet with name 'dispatcherServlet': assuming HandlerAdapter completed request handling
2017-07-15 21:23:13 - Successfully completed request
2017-07-15 21:23:13 - Written [Resources { content: [Resource { content: com.example.demo.domain.Doctor@587d0de5, links: [<http://localhost:8080/api/doctors/1>;rel="self", <http://localhost:8080/api/doctors/1>;rel="doctor"] }, Resource { content: com.example.demo.domain.Doctor@3c1d315f, links: [<http://localhost:8080/api/doctors/2>;rel="self", <http://localhost:8080/api/doctors/2>;rel="doctor"] }], links: [<http://localhost:8080/api/doctors>;rel="self", <http://localhost:8080/api/profile/doctors>;rel="profile"] }] as "application/hal+json" using [org.springframework.data.rest.webmvc.config.RepositoryRestMvcConfiguration$ResourceSupportHttpMessageConverter@401317a0]
2017-07-15 21:23:13 - Null ModelAndView returned to DispatcherServlet with name 'dispatcherServlet': assuming HandlerAdapter completed request handling
2017-07-15 21:23:13 - Successfully completed request
2017-07-15 22:48:57 - alter table appointment drop constraint FKoeb98n82eph1dx43v3y2bcmsl
2017-07-15 22:48:57 - alter table appointment drop constraint FK4apif2ewfyf14077ichee8g06
2017-07-15 22:48:57 - alter table doctor_category drop constraint FK3qokrjwt4mfgywr0tkbwgo8ro
2017-07-15 22:48:57 - alter table doctor_category drop constraint FK24vsg13pcqv4f8oemft35buf0
2017-07-15 22:48:57 - drop table if exists appointment cascade
2017-07-15 22:48:57 - drop table if exists category cascade
2017-07-15 22:48:57 - drop table if exists doctor cascade
2017-07-15 22:48:57 - drop table if exists doctor_category cascade
2017-07-15 22:48:57 - drop table if exists patient cascade
2017-07-15 22:48:57 - drop sequence appointment_sequence
2017-07-15 22:48:57 - drop sequence category_sequence
2017-07-15 22:48:57 - drop sequence doctor_sequence
2017-07-15 22:48:57 - drop sequence patient_sequence
